<?xml version="1.0" encoding="UTF-8"?>
<coverage generated="1687376213584" clover="3.2.0">
  <project timestamp="1687376213584" name="All files">
    <metrics statements="601" coveredstatements="597" conditionals="138" coveredconditionals="132" methods="79" coveredmethods="78" elements="818" coveredelements="807" complexity="0" loc="601" ncloc="601" packages="18" files="36" classes="36"/>
    <package name="src">
      <metrics statements="15" coveredstatements="15" conditionals="0" coveredconditionals="0" methods="4" coveredmethods="4"/>
      <file name="app.controller.ts" path="/Users/juandimartino/Desktop/Falabella/retry-engine-v2/src/app.controller.ts">
        <metrics statements="6" coveredstatements="6" conditionals="0" coveredconditionals="0" methods="2" coveredmethods="2"/>
        <line num="1" count="1" type="stmt"/>
        <line num="2" count="1" type="stmt"/>
        <line num="4" count="1" type="stmt"/>
        <line num="5" count="1" type="stmt"/>
        <line num="7" count="1" type="stmt"/>
        <line num="9" count="1" type="stmt"/>
      </file>
      <file name="app.service.ts" path="/Users/juandimartino/Desktop/Falabella/retry-engine-v2/src/app.service.ts">
        <metrics statements="9" coveredstatements="9" conditionals="0" coveredconditionals="0" methods="2" coveredmethods="2"/>
        <line num="1" count="2" type="stmt"/>
        <line num="2" count="2" type="stmt"/>
        <line num="3" count="2" type="stmt"/>
        <line num="6" count="2" type="stmt"/>
        <line num="8" count="3" type="stmt"/>
        <line num="9" count="3" type="stmt"/>
        <line num="12" count="1" type="stmt"/>
        <line num="15" count="1" type="stmt"/>
        <line num="16" count="1" type="stmt"/>
      </file>
    </package>
    <package name="src.base">
      <metrics statements="21" coveredstatements="19" conditionals="0" coveredconditionals="0" methods="2" coveredmethods="2"/>
      <file name="base.controller.ts" path="/Users/juandimartino/Desktop/Falabella/retry-engine-v2/src/base/base.controller.ts">
        <metrics statements="21" coveredstatements="19" conditionals="0" coveredconditionals="0" methods="2" coveredmethods="2"/>
        <line num="1" count="2" type="stmt"/>
        <line num="2" count="2" type="stmt"/>
        <line num="9" count="2" type="stmt"/>
        <line num="10" count="2" type="stmt"/>
        <line num="11" count="2" type="stmt"/>
        <line num="12" count="2" type="stmt"/>
        <line num="15" count="2" type="stmt"/>
        <line num="18" count="2" type="stmt"/>
        <line num="19" count="2" type="stmt"/>
        <line num="20" count="2" type="stmt"/>
        <line num="24" count="2" type="stmt"/>
        <line num="25" count="1" type="stmt"/>
        <line num="26" count="1" type="stmt"/>
        <line num="27" count="1" type="stmt"/>
        <line num="28" count="1" type="stmt"/>
        <line num="29" count="1" type="stmt"/>
        <line num="30" count="1" type="stmt"/>
        <line num="31" count="1" type="stmt"/>
        <line num="35" count="0" type="stmt"/>
        <line num="36" count="0" type="stmt"/>
        <line num="38" count="1" type="stmt"/>
      </file>
    </package>
    <package name="src.constants">
      <metrics statements="29" coveredstatements="29" conditionals="0" coveredconditionals="0" methods="0" coveredmethods="0"/>
      <file name="index.ts" path="/Users/juandimartino/Desktop/Falabella/retry-engine-v2/src/constants/index.ts">
        <metrics statements="29" coveredstatements="29" conditionals="0" coveredconditionals="0" methods="0" coveredmethods="0"/>
        <line num="3" count="18" type="stmt"/>
        <line num="4" count="18" type="stmt"/>
        <line num="5" count="18" type="stmt"/>
        <line num="6" count="18" type="stmt"/>
        <line num="7" count="18" type="stmt"/>
        <line num="8" count="18" type="stmt"/>
        <line num="9" count="18" type="stmt"/>
        <line num="10" count="18" type="stmt"/>
        <line num="11" count="18" type="stmt"/>
        <line num="12" count="18" type="stmt"/>
        <line num="13" count="18" type="stmt"/>
        <line num="14" count="18" type="stmt"/>
        <line num="15" count="18" type="stmt"/>
        <line num="16" count="18" type="stmt"/>
        <line num="17" count="18" type="stmt"/>
        <line num="18" count="18" type="stmt"/>
        <line num="19" count="18" type="stmt"/>
        <line num="20" count="18" type="stmt"/>
        <line num="21" count="18" type="stmt"/>
        <line num="23" count="18" type="stmt"/>
        <line num="31" count="18" type="stmt"/>
        <line num="32" count="18" type="stmt"/>
        <line num="37" count="18" type="stmt"/>
        <line num="42" count="18" type="stmt"/>
        <line num="47" count="18" type="stmt"/>
        <line num="53" count="18" type="stmt"/>
        <line num="74" count="18" type="stmt"/>
        <line num="78" count="18" type="stmt"/>
        <line num="82" count="18" type="stmt"/>
      </file>
    </package>
    <package name="src.create-transaction">
      <metrics statements="202" coveredstatements="200" conditionals="63" coveredconditionals="62" methods="20" coveredmethods="19"/>
      <file name="create-transaction.controller.ts" path="/Users/juandimartino/Desktop/Falabella/retry-engine-v2/src/create-transaction/create-transaction.controller.ts">
        <metrics statements="6" coveredstatements="6" conditionals="0" coveredconditionals="0" methods="1" coveredmethods="1"/>
        <line num="1" count="2" type="stmt"/>
        <line num="2" count="2" type="stmt"/>
        <line num="3" count="2" type="stmt"/>
        <line num="5" count="2" type="stmt"/>
        <line num="6" count="2" type="stmt"/>
        <line num="7" count="2" type="stmt"/>
      </file>
      <file name="create-transaction.module.ts" path="/Users/juandimartino/Desktop/Falabella/retry-engine-v2/src/create-transaction/create-transaction.module.ts">
        <metrics statements="14" coveredstatements="12" conditionals="0" coveredconditionals="0" methods="1" coveredmethods="0"/>
        <line num="1" count="1" type="stmt"/>
        <line num="2" count="1" type="stmt"/>
        <line num="3" count="1" type="stmt"/>
        <line num="4" count="1" type="stmt"/>
        <line num="5" count="1" type="stmt"/>
        <line num="6" count="1" type="stmt"/>
        <line num="7" count="1" type="stmt"/>
        <line num="8" count="1" type="stmt"/>
        <line num="9" count="1" type="stmt"/>
        <line num="10" count="1" type="stmt"/>
        <line num="11" count="1" type="stmt"/>
        <line num="26" count="0" type="stmt"/>
        <line num="29" count="0" type="stmt"/>
        <line num="35" count="1" type="stmt"/>
      </file>
      <file name="create-transaction.service.ts" path="/Users/juandimartino/Desktop/Falabella/retry-engine-v2/src/create-transaction/create-transaction.service.ts">
        <metrics statements="182" coveredstatements="182" conditionals="63" coveredconditionals="62" methods="18" coveredmethods="18"/>
        <line num="3" count="4" type="stmt"/>
        <line num="4" count="4" type="stmt"/>
        <line num="5" count="4" type="stmt"/>
        <line num="6" count="4" type="stmt"/>
        <line num="7" count="4" type="stmt"/>
        <line num="8" count="4" type="stmt"/>
        <line num="10" count="4" type="stmt"/>
        <line num="11" count="4" type="stmt"/>
        <line num="12" count="4" type="stmt"/>
        <line num="13" count="4" type="stmt"/>
        <line num="14" count="4" type="stmt"/>
        <line num="15" count="4" type="stmt"/>
        <line num="16" count="4" type="stmt"/>
        <line num="17" count="4" type="stmt"/>
        <line num="18" count="4" type="stmt"/>
        <line num="19" count="4" type="stmt"/>
        <line num="21" count="4" type="stmt"/>
        <line num="25" count="4" type="stmt"/>
        <line num="27" count="4" type="stmt"/>
        <line num="31" count="22" type="stmt"/>
        <line num="32" count="22" type="stmt"/>
        <line num="33" count="22" type="stmt"/>
        <line num="34" count="22" type="stmt"/>
        <line num="35" count="22" type="stmt"/>
        <line num="36" count="22" type="stmt"/>
        <line num="37" count="22" type="stmt"/>
        <line num="39" count="22" type="stmt"/>
        <line num="40" count="22" type="stmt"/>
        <line num="49" count="12" type="stmt"/>
        <line num="51" count="12" type="stmt"/>
        <line num="52" count="12" type="stmt"/>
        <line num="53" count="12" type="stmt"/>
        <line num="54" count="12" type="stmt"/>
        <line num="55" count="12" type="stmt"/>
        <line num="56" count="12" type="stmt"/>
        <line num="59" count="12" type="stmt"/>
        <line num="62" count="12" type="stmt"/>
        <line num="70" count="12" type="stmt"/>
        <line num="71" count="11" type="stmt"/>
        <line num="75" count="7" type="stmt"/>
        <line num="76" count="7" type="stmt"/>
        <line num="82" count="7" type="stmt"/>
        <line num="84" count="7" type="stmt"/>
        <line num="85" count="7" type="stmt"/>
        <line num="104" count="7" type="stmt"/>
        <line num="106" count="5" type="stmt"/>
        <line num="111" count="5" type="stmt"/>
        <line num="119" count="3" type="stmt"/>
        <line num="122" count="22" type="stmt"/>
        <line num="123" count="9" type="stmt"/>
        <line num="124" count="9" type="stmt"/>
        <line num="125" count="9" type="cond" truecount="1" falsecount="0"/>
        <line num="126" count="7" type="stmt"/>
        <line num="136" count="6" type="stmt"/>
        <line num="137" count="6" type="stmt"/>
        <line num="138" count="6" type="stmt"/>
        <line num="139" count="6" type="stmt"/>
        <line num="140" count="6" type="stmt"/>
        <line num="141" count="6" type="stmt"/>
        <line num="143" count="6" type="stmt"/>
        <line num="144" count="6" type="stmt"/>
        <line num="147" count="6" type="stmt"/>
        <line num="150" count="6" type="stmt"/>
        <line num="151" count="6" type="stmt"/>
        <line num="152" count="6" type="stmt"/>
        <line num="153" count="6" type="stmt"/>
        <line num="154" count="6" type="stmt"/>
        <line num="162" count="6" type="stmt"/>
        <line num="166" count="6" type="stmt"/>
        <line num="170" count="5" type="stmt"/>
        <line num="171" count="5" type="stmt"/>
        <line num="175" count="2" type="stmt"/>
        <line num="176" count="2" type="stmt"/>
        <line num="182" count="2" type="stmt"/>
        <line num="183" count="2" type="stmt"/>
        <line num="193" count="2" type="stmt"/>
        <line num="195" count="4" type="stmt"/>
        <line num="200" count="4" type="stmt"/>
        <line num="209" count="3" type="stmt"/>
        <line num="212" count="22" type="stmt"/>
        <line num="215" count="4" type="stmt"/>
        <line num="216" count="4" type="stmt"/>
        <line num="219" count="4" type="stmt"/>
        <line num="222" count="4" type="stmt"/>
        <line num="224" count="4" type="cond" truecount="10" falsecount="0"/>
        <line num="225" count="4" type="stmt"/>
        <line num="226" count="4" type="stmt"/>
        <line num="227" count="4" type="cond" truecount="1" falsecount="1"/>
        <line num="231" count="4" type="stmt"/>
        <line num="237" count="4" type="stmt"/>
        <line num="239" count="4" type="stmt"/>
        <line num="240" count="3" type="cond" truecount="2" falsecount="0"/>
        <line num="245" count="1" type="stmt"/>
        <line num="250" count="1" type="stmt"/>
        <line num="254" count="1" type="stmt"/>
        <line num="259" count="1" type="stmt"/>
        <line num="263" count="1" type="stmt"/>
        <line num="269" count="1" type="stmt"/>
        <line num="280" count="2" type="stmt"/>
        <line num="286" count="2" type="stmt"/>
        <line num="301" count="7" type="stmt"/>
        <line num="302" count="7" type="stmt"/>
        <line num="303" count="7" type="stmt"/>
        <line num="304" count="7" type="stmt"/>
        <line num="305" count="7" type="stmt"/>
        <line num="307" count="7" type="stmt"/>
        <line num="328" count="7" type="stmt"/>
        <line num="332" count="6" type="cond" truecount="5" falsecount="0"/>
        <line num="333" count="5" type="stmt"/>
        <line num="334" count="5" type="stmt"/>
        <line num="335" count="8" type="stmt"/>
        <line num="340" count="8" type="stmt"/>
        <line num="342" count="5" type="stmt"/>
        <line num="344" count="5" type="stmt"/>
        <line num="345" count="8" type="cond" truecount="2" falsecount="0"/>
        <line num="349" count="5" type="stmt"/>
        <line num="356" count="6" type="stmt"/>
        <line num="362" count="6" type="stmt"/>
        <line num="369" count="1" type="stmt"/>
        <line num="370" count="1" type="stmt"/>
        <line num="374" count="22" type="stmt"/>
        <line num="375" count="3" type="stmt"/>
        <line num="376" count="2" type="stmt"/>
        <line num="384" count="22" type="stmt"/>
        <line num="385" count="5" type="stmt"/>
        <line num="390" count="22" type="stmt"/>
        <line num="391" count="24" type="stmt"/>
        <line num="392" count="24" type="stmt"/>
        <line num="396" count="24" type="stmt"/>
        <line num="398" count="24" type="stmt"/>
        <line num="403" count="24" type="stmt"/>
        <line num="407" count="22" type="stmt"/>
        <line num="408" count="5" type="stmt"/>
        <line num="409" count="5" type="stmt"/>
        <line num="412" count="5" type="stmt"/>
        <line num="416" count="5" type="cond" truecount="10" falsecount="0"/>
        <line num="418" count="5" type="stmt"/>
        <line num="420" count="5" type="stmt"/>
        <line num="426" count="5" type="cond" truecount="2" falsecount="0"/>
        <line num="427" count="3" type="stmt"/>
        <line num="428" count="2" type="stmt"/>
        <line num="433" count="2" type="stmt"/>
        <line num="434" count="2" type="stmt"/>
        <line num="435" count="2" type="stmt"/>
        <line num="436" count="2" type="stmt"/>
        <line num="440" count="2" type="stmt"/>
        <line num="446" count="2" type="stmt"/>
        <line num="466" count="1" type="stmt"/>
        <line num="470" count="1" type="stmt"/>
        <line num="476" count="1" type="stmt"/>
        <line num="498" count="22" type="stmt"/>
        <line num="499" count="1" type="stmt"/>
        <line num="504" count="22" type="stmt"/>
        <line num="506" count="2" type="stmt"/>
        <line num="507" count="2" type="stmt"/>
        <line num="508" count="2" type="stmt"/>
        <line num="509" count="2" type="stmt"/>
        <line num="516" count="22" type="stmt"/>
        <line num="517" count="7" type="stmt"/>
        <line num="518" count="7" type="stmt"/>
        <line num="522" count="7" type="stmt"/>
        <line num="523" count="7" type="stmt"/>
        <line num="524" count="7" type="stmt"/>
        <line num="527" count="7" type="stmt"/>
        <line num="528" count="6" type="cond" truecount="1" falsecount="0"/>
        <line num="529" count="5" type="stmt"/>
        <line num="535" count="5" type="cond" truecount="7" falsecount="0"/>
        <line num="536" count="5" type="stmt"/>
        <line num="537" count="5" type="stmt"/>
        <line num="539" count="1" type="stmt"/>
        <line num="544" count="1" type="stmt"/>
        <line num="546" count="1" type="stmt"/>
        <line num="551" count="1" type="stmt"/>
        <line num="554" count="22" type="stmt"/>
        <line num="559" count="3" type="cond" truecount="1" falsecount="0"/>
        <line num="560" count="1" type="stmt"/>
        <line num="562" count="3" type="stmt"/>
        <line num="565" count="22" type="stmt"/>
        <line num="569" count="17" type="stmt"/>
        <line num="576" count="17" type="stmt"/>
        <line num="577" count="17" type="cond" truecount="1" falsecount="0"/>
        <line num="579" count="1" type="stmt"/>
      </file>
    </package>
    <package name="src.create-transaction.dtos">
      <metrics statements="2" coveredstatements="2" conditionals="0" coveredconditionals="0" methods="2" coveredmethods="2"/>
      <file name="index.ts" path="/Users/juandimartino/Desktop/Falabella/retry-engine-v2/src/create-transaction/dtos/index.ts">
        <metrics statements="2" coveredstatements="2" conditionals="0" coveredconditionals="0" methods="2" coveredmethods="2"/>
        <line num="1" count="18" type="stmt"/>
        <line num="2" count="14" type="stmt"/>
      </file>
    </package>
    <package name="src.create-transaction.mapper">
      <metrics statements="63" coveredstatements="63" conditionals="4" coveredconditionals="4" methods="5" coveredmethods="5"/>
      <file name="response.mapper.ts" path="/Users/juandimartino/Desktop/Falabella/retry-engine-v2/src/create-transaction/mapper/response.mapper.ts">
        <metrics statements="13" coveredstatements="13" conditionals="0" coveredconditionals="0" methods="1" coveredmethods="1"/>
        <line num="1" count="5" type="stmt"/>
        <line num="2" count="5" type="stmt"/>
        <line num="3" count="5" type="stmt"/>
        <line num="5" count="5" type="stmt"/>
        <line num="6" count="5" type="stmt"/>
        <line num="7" count="3" type="stmt"/>
        <line num="8" count="3" type="stmt"/>
        <line num="9" count="3" type="stmt"/>
        <line num="10" count="3" type="stmt"/>
        <line num="11" count="3" type="stmt"/>
        <line num="12" count="3" type="stmt"/>
        <line num="13" count="3" type="stmt"/>
        <line num="19" count="3" type="stmt"/>
      </file>
      <file name="transaction-log.mapper.ts" path="/Users/juandimartino/Desktop/Falabella/retry-engine-v2/src/create-transaction/mapper/transaction-log.mapper.ts">
        <metrics statements="50" coveredstatements="50" conditionals="4" coveredconditionals="4" methods="4" coveredmethods="4"/>
        <line num="1" count="5" type="stmt"/>
        <line num="2" count="5" type="stmt"/>
        <line num="3" count="5" type="stmt"/>
        <line num="4" count="5" type="stmt"/>
        <line num="5" count="5" type="stmt"/>
        <line num="6" count="5" type="stmt"/>
        <line num="7" count="14" type="stmt"/>
        <line num="8" count="14" type="stmt"/>
        <line num="9" count="14" type="stmt"/>
        <line num="10" count="14" type="stmt"/>
        <line num="11" count="14" type="stmt"/>
        <line num="14" count="14" type="stmt"/>
        <line num="19" count="14" type="stmt"/>
        <line num="22" count="14" type="stmt"/>
        <line num="29" count="14" type="stmt"/>
        <line num="35" count="14" type="stmt"/>
        <line num="41" count="14" type="stmt"/>
        <line num="47" count="14" type="stmt"/>
        <line num="53" count="14" type="stmt"/>
        <line num="58" count="14" type="stmt"/>
        <line num="59" count="14" type="stmt"/>
        <line num="60" count="14" type="stmt"/>
        <line num="61" count="14" type="stmt"/>
        <line num="62" count="14" type="stmt"/>
        <line num="65" count="5" type="stmt"/>
        <line num="66" count="19" type="stmt"/>
        <line num="67" count="19" type="stmt"/>
        <line num="68" count="19" type="stmt"/>
        <line num="69" count="19" type="stmt"/>
        <line num="70" count="19" type="stmt"/>
        <line num="71" count="19" type="stmt"/>
        <line num="72" count="19" type="stmt"/>
        <line num="77" count="19" type="stmt"/>
        <line num="78" count="19" type="stmt"/>
        <line num="81" count="19" type="stmt"/>
        <line num="82" count="19" type="stmt"/>
        <line num="85" count="19" type="stmt"/>
        <line num="86" count="19" type="stmt"/>
        <line num="89" count="19" type="cond" truecount="2" falsecount="0"/>
        <line num="90" count="19" type="stmt"/>
        <line num="91" count="19" type="stmt"/>
        <line num="92" count="19" type="stmt"/>
        <line num="93" count="19" type="stmt"/>
        <line num="97" count="14" type="cond" truecount="2" falsecount="0"/>
        <line num="100" count="5" type="stmt"/>
        <line num="106" count="33" type="stmt"/>
        <line num="110" count="33" type="stmt"/>
        <line num="111" count="33" type="stmt"/>
        <line num="112" count="33" type="stmt"/>
        <line num="113" count="33" type="stmt"/>
      </file>
    </package>
    <package name="src.cron">
      <metrics statements="19" coveredstatements="19" conditionals="0" coveredconditionals="0" methods="3" coveredmethods="3"/>
      <file name="cron.service.ts" path="/Users/juandimartino/Desktop/Falabella/retry-engine-v2/src/cron/cron.service.ts">
        <metrics statements="19" coveredstatements="19" conditionals="0" coveredconditionals="0" methods="3" coveredmethods="3"/>
        <line num="1" count="2" type="stmt"/>
        <line num="2" count="2" type="stmt"/>
        <line num="3" count="2" type="stmt"/>
        <line num="4" count="2" type="stmt"/>
        <line num="5" count="2" type="stmt"/>
        <line num="6" count="2" type="stmt"/>
        <line num="9" count="2" type="stmt"/>
        <line num="12" count="2" type="stmt"/>
        <line num="13" count="2" type="stmt"/>
        <line num="14" count="2" type="stmt"/>
        <line num="16" count="2" type="stmt"/>
        <line num="20" count="1" type="stmt"/>
        <line num="21" count="1" type="stmt"/>
        <line num="22" count="1" type="stmt"/>
        <line num="26" count="1" type="stmt"/>
        <line num="27" count="1" type="stmt"/>
        <line num="29" count="1" type="stmt"/>
        <line num="36" count="1" type="stmt"/>
        <line num="37" count="1" type="stmt"/>
      </file>
    </package>
    <package name="src.database">
      <metrics statements="6" coveredstatements="6" conditionals="0" coveredconditionals="0" methods="1" coveredmethods="1"/>
      <file name="initializer.ts" path="/Users/juandimartino/Desktop/Falabella/retry-engine-v2/src/database/initializer.ts">
        <metrics statements="6" coveredstatements="6" conditionals="0" coveredconditionals="0" methods="1" coveredmethods="1"/>
        <line num="1" count="1" type="stmt"/>
        <line num="3" count="1" type="stmt"/>
        <line num="5" count="2" type="stmt"/>
        <line num="6" count="2" type="stmt"/>
        <line num="7" count="2" type="stmt"/>
        <line num="9" count="1" type="stmt"/>
      </file>
    </package>
    <package name="src.database.mongodb-service">
      <metrics statements="31" coveredstatements="31" conditionals="2" coveredconditionals="2" methods="5" coveredmethods="5"/>
      <file name="mongodb-service.ts" path="/Users/juandimartino/Desktop/Falabella/retry-engine-v2/src/database/mongodb-service/mongodb-service.ts">
        <metrics statements="31" coveredstatements="31" conditionals="2" coveredconditionals="2" methods="5" coveredmethods="5"/>
        <line num="1" count="8" type="stmt"/>
        <line num="2" count="8" type="stmt"/>
        <line num="3" count="8" type="stmt"/>
        <line num="4" count="8" type="stmt"/>
        <line num="5" count="8" type="stmt"/>
        <line num="6" count="8" type="stmt"/>
        <line num="8" count="8" type="stmt"/>
        <line num="11" count="18" type="stmt"/>
        <line num="12" count="18" type="stmt"/>
        <line num="16" count="2" type="stmt"/>
        <line num="17" count="2" type="stmt"/>
        <line num="18" count="2" type="stmt"/>
        <line num="19" count="1" type="stmt"/>
        <line num="21" count="1" type="stmt"/>
        <line num="22" count="1" type="stmt"/>
        <line num="27" count="2" type="stmt"/>
        <line num="28" count="2" type="stmt"/>
        <line num="29" count="2" type="stmt"/>
        <line num="30" count="1" type="stmt"/>
        <line num="32" count="1" type="stmt"/>
        <line num="33" count="1" type="stmt"/>
        <line num="38" count="3" type="stmt"/>
        <line num="39" count="3" type="stmt"/>
        <line num="40" count="3" type="stmt"/>
        <line num="43" count="3" type="stmt"/>
        <line num="44" count="2" type="stmt"/>
        <line num="48" count="2" type="cond" truecount="2" falsecount="0"/>
        <line num="50" count="1" type="stmt"/>
        <line num="56" count="2" type="stmt"/>
        <line num="58" count="1" type="stmt"/>
        <line num="59" count="1" type="stmt"/>
      </file>
    </package>
    <package name="src.database.schemas">
      <metrics statements="30" coveredstatements="30" conditionals="0" coveredconditionals="0" methods="0" coveredmethods="0"/>
      <file name="configuration.schema.ts" path="/Users/juandimartino/Desktop/Falabella/retry-engine-v2/src/database/schemas/configuration.schema.ts">
        <metrics statements="8" coveredstatements="8" conditionals="0" coveredconditionals="0" methods="0" coveredmethods="0"/>
        <line num="1" count="8" type="stmt"/>
        <line num="3" count="8" type="stmt"/>
        <line num="10" count="8" type="stmt"/>
        <line num="11" count="8" type="stmt"/>
        <line num="14" count="8" type="stmt"/>
        <line num="17" count="8" type="stmt"/>
        <line num="20" count="8" type="stmt"/>
        <line num="28" count="8" type="stmt"/>
      </file>
      <file name="transaction-log.schema.ts" path="/Users/juandimartino/Desktop/Falabella/retry-engine-v2/src/database/schemas/transaction-log.schema.ts">
        <metrics statements="22" coveredstatements="22" conditionals="0" coveredconditionals="0" methods="0" coveredmethods="0"/>
        <line num="1" count="5" type="stmt"/>
        <line num="3" count="5" type="stmt"/>
        <line num="10" count="5" type="stmt"/>
        <line num="11" count="5" type="stmt"/>
        <line num="17" count="5" type="stmt"/>
        <line num="20" count="5" type="stmt"/>
        <line num="23" count="5" type="stmt"/>
        <line num="26" count="5" type="stmt"/>
        <line num="29" count="5" type="stmt"/>
        <line num="32" count="5" type="stmt"/>
        <line num="35" count="5" type="stmt"/>
        <line num="38" count="5" type="stmt"/>
        <line num="41" count="5" type="stmt"/>
        <line num="44" count="5" type="stmt"/>
        <line num="47" count="5" type="stmt"/>
        <line num="50" count="5" type="stmt"/>
        <line num="53" count="5" type="stmt"/>
        <line num="56" count="5" type="stmt"/>
        <line num="59" count="5" type="stmt"/>
        <line num="62" count="5" type="stmt"/>
        <line num="65" count="5" type="stmt"/>
        <line num="69" count="5" type="stmt"/>
      </file>
    </package>
    <package name="src.logger">
      <metrics statements="17" coveredstatements="17" conditionals="2" coveredconditionals="2" methods="7" coveredmethods="7"/>
      <file name="initializer.ts" path="/Users/juandimartino/Desktop/Falabella/retry-engine-v2/src/logger/initializer.ts">
        <metrics statements="9" coveredstatements="9" conditionals="0" coveredconditionals="0" methods="2" coveredmethods="2"/>
        <line num="3" count="1" type="stmt"/>
        <line num="4" count="1" type="stmt"/>
        <line num="10" count="1" type="stmt"/>
        <line num="16" count="1" type="stmt"/>
        <line num="24" count="1" type="stmt"/>
        <line num="25" count="1" type="stmt"/>
        <line num="26" count="1" type="stmt"/>
        <line num="27" count="1" type="stmt"/>
        <line num="28" count="1" type="stmt"/>
      </file>
      <file name="logger.service.ts" path="/Users/juandimartino/Desktop/Falabella/retry-engine-v2/src/logger/logger.service.ts">
        <metrics statements="8" coveredstatements="8" conditionals="2" coveredconditionals="2" methods="5" coveredmethods="5"/>
        <line num="1" count="14" type="stmt"/>
        <line num="9" count="14" type="stmt"/>
        <line num="14" count="81" type="stmt"/>
        <line num="15" count="81" type="stmt"/>
        <line num="19" count="111" type="stmt"/>
        <line num="23" count="1" type="stmt"/>
        <line num="32" count="47" type="stmt"/>
        <line num="39" count="159" type="stmt"/>
      </file>
    </package>
    <package name="src.mongo-configuration">
      <metrics statements="44" coveredstatements="44" conditionals="0" coveredconditionals="0" methods="8" coveredmethods="8"/>
      <file name="configuration.controller.ts" path="/Users/juandimartino/Desktop/Falabella/retry-engine-v2/src/mongo-configuration/configuration.controller.ts">
        <metrics statements="15" coveredstatements="15" conditionals="0" coveredconditionals="0" methods="4" coveredmethods="4"/>
        <line num="1" count="2" type="stmt"/>
        <line num="11" count="2" type="stmt"/>
        <line num="12" count="2" type="stmt"/>
        <line num="13" count="2" type="stmt"/>
        <line num="15" count="2" type="stmt"/>
        <line num="19" count="2" type="stmt"/>
        <line num="20" count="7" type="stmt"/>
        <line num="23" count="2" type="stmt"/>
        <line num="24" count="1" type="stmt"/>
        <line num="28" count="2" type="stmt"/>
        <line num="29" count="1" type="stmt"/>
        <line num="30" count="1" type="stmt"/>
        <line num="37" count="2" type="stmt"/>
        <line num="38" count="1" type="stmt"/>
        <line num="39" count="1" type="stmt"/>
      </file>
      <file name="configuration.module.ts" path="/Users/juandimartino/Desktop/Falabella/retry-engine-v2/src/mongo-configuration/configuration.module.ts">
        <metrics statements="5" coveredstatements="5" conditionals="0" coveredconditionals="0" methods="0" coveredmethods="0"/>
        <line num="1" count="1" type="stmt"/>
        <line num="2" count="1" type="stmt"/>
        <line num="3" count="1" type="stmt"/>
        <line num="4" count="1" type="stmt"/>
        <line num="10" count="1" type="stmt"/>
      </file>
      <file name="configuration.service.ts" path="/Users/juandimartino/Desktop/Falabella/retry-engine-v2/src/mongo-configuration/configuration.service.ts">
        <metrics statements="24" coveredstatements="24" conditionals="0" coveredconditionals="0" methods="4" coveredmethods="4"/>
        <line num="1" count="7" type="stmt"/>
        <line num="2" count="7" type="stmt"/>
        <line num="3" count="7" type="stmt"/>
        <line num="4" count="7" type="stmt"/>
        <line num="5" count="7" type="stmt"/>
        <line num="11" count="7" type="stmt"/>
        <line num="14" count="13" type="stmt"/>
        <line num="15" count="13" type="stmt"/>
        <line num="16" count="13" type="stmt"/>
        <line num="20" count="2" type="stmt"/>
        <line num="21" count="2" type="stmt"/>
        <line num="26" count="2" type="stmt"/>
        <line num="31" count="1" type="stmt"/>
        <line num="36" count="1" type="stmt"/>
        <line num="40" count="2" type="stmt"/>
        <line num="41" count="2" type="stmt"/>
        <line num="46" count="2" type="stmt"/>
        <line num="51" count="1" type="stmt"/>
        <line num="56" count="1" type="stmt"/>
        <line num="60" count="2" type="stmt"/>
        <line num="61" count="2" type="stmt"/>
        <line num="66" count="2" type="stmt"/>
        <line num="71" count="1" type="stmt"/>
        <line num="76" count="1" type="stmt"/>
      </file>
    </package>
    <package name="src.mongo-configuration.dtos">
      <metrics statements="1" coveredstatements="1" conditionals="0" coveredconditionals="0" methods="1" coveredmethods="1"/>
      <file name="index.ts" path="/Users/juandimartino/Desktop/Falabella/retry-engine-v2/src/mongo-configuration/dtos/index.ts">
        <metrics statements="1" coveredstatements="1" conditionals="0" coveredconditionals="0" methods="1" coveredmethods="1"/>
        <line num="1" count="13" type="stmt"/>
      </file>
    </package>
    <package name="src.mongo-configuration.mapper">
      <metrics statements="8" coveredstatements="8" conditionals="4" coveredconditionals="4" methods="1" coveredmethods="1"/>
      <file name="configuration.mapper.ts" path="/Users/juandimartino/Desktop/Falabella/retry-engine-v2/src/mongo-configuration/mapper/configuration.mapper.ts">
        <metrics statements="8" coveredstatements="8" conditionals="4" coveredconditionals="4" methods="1" coveredmethods="1"/>
        <line num="3" count="3" type="stmt"/>
        <line num="4" count="3" type="stmt"/>
        <line num="5" count="2" type="stmt"/>
        <line num="6" count="2" type="cond" truecount="1" falsecount="0"/>
        <line num="7" count="2" type="cond" truecount="1" falsecount="0"/>
        <line num="8" count="2" type="cond" truecount="1" falsecount="0"/>
        <line num="9" count="2" type="cond" truecount="1" falsecount="0"/>
        <line num="10" count="2" type="stmt"/>
      </file>
    </package>
    <package name="src.mongo-configuration.middlewares">
      <metrics statements="11" coveredstatements="11" conditionals="10" coveredconditionals="9" methods="2" coveredmethods="2"/>
      <file name="check.country.middleware.ts" path="/Users/juandimartino/Desktop/Falabella/retry-engine-v2/src/mongo-configuration/middlewares/check.country.middleware.ts">
        <metrics statements="11" coveredstatements="11" conditionals="10" coveredconditionals="9" methods="2" coveredmethods="2"/>
        <line num="1" count="3" type="stmt"/>
        <line num="8" count="3" type="stmt"/>
        <line num="12" count="3" type="stmt"/>
        <line num="13" count="12" type="stmt"/>
        <line num="18" count="4" type="cond" truecount="7" falsecount="1"/>
        <line num="21" count="4" type="stmt"/>
        <line num="22" count="4" type="cond" truecount="1" falsecount="0"/>
        <line num="23" count="2" type="stmt"/>
        <line num="24" count="2" type="cond" truecount="1" falsecount="0"/>
        <line num="25" count="1" type="stmt"/>
        <line num="26" count="1" type="stmt"/>
      </file>
    </package>
    <package name="src.schemas">
      <metrics statements="3" coveredstatements="3" conditionals="0" coveredconditionals="0" methods="0" coveredmethods="0"/>
      <file name="app.schema.ts" path="/Users/juandimartino/Desktop/Falabella/retry-engine-v2/src/schemas/app.schema.ts">
        <metrics statements="2" coveredstatements="2" conditionals="0" coveredconditionals="0" methods="0" coveredmethods="0"/>
        <line num="1" count="1" type="stmt"/>
        <line num="4" count="1" type="stmt"/>
      </file>
      <file name="index.ts" path="/Users/juandimartino/Desktop/Falabella/retry-engine-v2/src/schemas/index.ts">
        <metrics statements="1" coveredstatements="1" conditionals="0" coveredconditionals="0" methods="0" coveredmethods="0"/>
        <line num="2" count="1" type="stmt"/>
      </file>
    </package>
    <package name="src.tbk-mall">
      <metrics statements="31" coveredstatements="31" conditionals="4" coveredconditionals="4" methods="4" coveredmethods="4"/>
      <file name="tbk-mall.module.ts" path="/Users/juandimartino/Desktop/Falabella/retry-engine-v2/src/tbk-mall/tbk-mall.module.ts">
        <metrics statements="3" coveredstatements="3" conditionals="0" coveredconditionals="0" methods="0" coveredmethods="0"/>
        <line num="1" count="1" type="stmt"/>
        <line num="2" count="1" type="stmt"/>
        <line num="7" count="1" type="stmt"/>
      </file>
      <file name="tbk-mall.service.ts" path="/Users/juandimartino/Desktop/Falabella/retry-engine-v2/src/tbk-mall/tbk-mall.service.ts">
        <metrics statements="28" coveredstatements="28" conditionals="4" coveredconditionals="4" methods="4" coveredmethods="4"/>
        <line num="1" count="5" type="stmt"/>
        <line num="2" count="5" type="stmt"/>
        <line num="3" count="5" type="stmt"/>
        <line num="4" count="5" type="stmt"/>
        <line num="5" count="5" type="stmt"/>
        <line num="7" count="5" type="stmt"/>
        <line num="11" count="9" type="stmt"/>
        <line num="12" count="9" type="stmt"/>
        <line num="14" count="9" type="stmt"/>
        <line num="15" count="9" type="stmt"/>
        <line num="18" count="9" type="stmt"/>
        <line num="19" count="3" type="stmt"/>
        <line num="21" count="3" type="stmt"/>
        <line num="22" count="3" type="stmt"/>
        <line num="25" count="3" type="stmt"/>
        <line num="26" count="3" type="stmt"/>
        <line num="32" count="3" type="stmt"/>
        <line num="33" count="2" type="stmt"/>
        <line num="38" count="2" type="stmt"/>
        <line num="40" count="2" type="stmt"/>
        <line num="45" count="2" type="stmt"/>
        <line num="48" count="9" type="stmt"/>
        <line num="49" count="2" type="cond" truecount="1" falsecount="0"/>
        <line num="54" count="1" type="stmt"/>
        <line num="56" count="1" type="stmt"/>
        <line num="61" count="9" type="stmt"/>
        <line num="62" count="3" type="stmt"/>
        <line num="63" count="3" type="stmt"/>
      </file>
    </package>
    <package name="src.utils">
      <metrics statements="68" coveredstatements="68" conditionals="49" coveredconditionals="45" methods="14" coveredmethods="14"/>
      <file name="allowed-to-retry.ts" path="/Users/juandimartino/Desktop/Falabella/retry-engine-v2/src/utils/allowed-to-retry.ts">
        <metrics statements="4" coveredstatements="4" conditionals="6" coveredconditionals="6" methods="2" coveredmethods="2"/>
        <line num="1" count="5" type="stmt"/>
        <line num="7" count="23" type="stmt"/>
        <line num="8" count="9" type="stmt"/>
        <line num="14" count="5" type="stmt"/>
      </file>
      <file name="build-error.ts" path="/Users/juandimartino/Desktop/Falabella/retry-engine-v2/src/utils/build-error.ts">
        <metrics statements="7" coveredstatements="7" conditionals="17" coveredconditionals="16" methods="1" coveredmethods="1"/>
        <line num="3" count="6" type="cond" truecount="1" falsecount="0"/>
        <line num="4" count="22" type="stmt"/>
        <line num="5" count="22" type="cond" truecount="1" falsecount="0"/>
        <line num="6" count="22" type="cond" truecount="5" falsecount="0"/>
        <line num="7" count="22" type="cond" truecount="9" falsecount="1"/>
        <line num="8" count="22" type="stmt"/>
        <line num="11" count="6" type="stmt"/>
      </file>
      <file name="build-response.ts" path="/Users/juandimartino/Desktop/Falabella/retry-engine-v2/src/utils/build-response.ts">
        <metrics statements="6" coveredstatements="6" conditionals="1" coveredconditionals="1" methods="1" coveredmethods="1"/>
        <line num="1" count="9" type="stmt"/>
        <line num="3" count="9" type="cond" truecount="1" falsecount="0"/>
        <line num="4" count="3" type="stmt"/>
        <line num="5" count="3" type="stmt"/>
        <line num="6" count="3" type="stmt"/>
        <line num="9" count="9" type="stmt"/>
      </file>
      <file name="build-type-call.ts" path="/Users/juandimartino/Desktop/Falabella/retry-engine-v2/src/utils/build-type-call.ts">
        <metrics statements="5" coveredstatements="5" conditionals="1" coveredconditionals="1" methods="1" coveredmethods="1"/>
        <line num="1" count="5" type="stmt"/>
        <line num="3" count="5" type="stmt"/>
        <line num="4" count="21" type="cond" truecount="1" falsecount="0"/>
        <line num="5" count="13" type="stmt"/>
        <line num="8" count="5" type="stmt"/>
      </file>
      <file name="inject-headers.ts" path="/Users/juandimartino/Desktop/Falabella/retry-engine-v2/src/utils/inject-headers.ts">
        <metrics statements="12" coveredstatements="12" conditionals="4" coveredconditionals="4" methods="3" coveredmethods="3"/>
        <line num="1" count="3" type="stmt"/>
        <line num="2" count="3" type="stmt"/>
        <line num="4" count="3" type="stmt"/>
        <line num="5" count="2" type="stmt"/>
        <line num="6" count="2" type="stmt"/>
        <line num="7" count="2" type="stmt"/>
        <line num="8" count="2" type="cond" truecount="3" falsecount="0"/>
        <line num="9" count="1" type="stmt"/>
        <line num="10" count="1" type="stmt"/>
        <line num="11" count="10" type="stmt"/>
        <line num="12" count="10" type="cond" truecount="1" falsecount="0"/>
        <line num="18" count="3" type="stmt"/>
      </file>
      <file name="is-less-than-twenty-four-hours.ts" path="/Users/juandimartino/Desktop/Falabella/retry-engine-v2/src/utils/is-less-than-twenty-four-hours.ts">
        <metrics statements="5" coveredstatements="5" conditionals="0" coveredconditionals="0" methods="1" coveredmethods="1"/>
        <line num="1" count="5" type="stmt"/>
        <line num="2" count="4" type="stmt"/>
        <line num="3" count="4" type="stmt"/>
        <line num="4" count="4" type="stmt"/>
        <line num="7" count="5" type="stmt"/>
      </file>
      <file name="proxy.service.ts" path="/Users/juandimartino/Desktop/Falabella/retry-engine-v2/src/utils/proxy.service.ts">
        <metrics statements="18" coveredstatements="18" conditionals="3" coveredconditionals="3" methods="2" coveredmethods="2"/>
        <line num="1" count="7" type="stmt"/>
        <line num="2" count="7" type="stmt"/>
        <line num="3" count="7" type="stmt"/>
        <line num="4" count="7" type="stmt"/>
        <line num="7" count="7" type="stmt"/>
        <line num="11" count="9" type="stmt"/>
        <line num="12" count="9" type="stmt"/>
        <line num="14" count="9" type="stmt"/>
        <line num="15" count="4" type="stmt"/>
        <line num="16" count="4" type="stmt"/>
        <line num="17" count="4" type="stmt"/>
        <line num="18" count="3" type="cond" truecount="1" falsecount="0"/>
        <line num="19" count="1" type="stmt"/>
        <line num="25" count="2" type="cond" truecount="2" falsecount="0"/>
        <line num="28" count="2" type="stmt"/>
        <line num="33" count="2" type="stmt"/>
        <line num="35" count="2" type="stmt"/>
        <line num="40" count="2" type="stmt"/>
      </file>
      <file name="set-trace-id.ts" path="/Users/juandimartino/Desktop/Falabella/retry-engine-v2/src/utils/set-trace-id.ts">
        <metrics statements="3" coveredstatements="3" conditionals="0" coveredconditionals="0" methods="1" coveredmethods="1"/>
        <line num="1" count="3" type="stmt"/>
        <line num="2" count="2" type="stmt"/>
        <line num="4" count="3" type="stmt"/>
      </file>
      <file name="throw-error-if-allowed.ts" path="/Users/juandimartino/Desktop/Falabella/retry-engine-v2/src/utils/throw-error-if-allowed.ts">
        <metrics statements="8" coveredstatements="8" conditionals="17" coveredconditionals="14" methods="2" coveredmethods="2"/>
        <line num="2" count="5" type="stmt"/>
        <line num="3" count="5" type="stmt"/>
        <line num="4" count="8" type="stmt"/>
        <line num="7" count="5" type="stmt"/>
        <line num="12" count="16" type="cond" truecount="1" falsecount="0"/>
        <line num="16" count="2" type="stmt"/>
        <line num="23" count="2" type="stmt"/>
        <line num="27" count="5" type="stmt"/>
      </file>
    </package>
  </project>
</coverage>
