{"/Users/juandimartino/Desktop/Falabella/retry-engine-v2/src/app.controller.ts": {"path":"/Users/juandimartino/Desktop/Falabella/retry-engine-v2/src/app.controller.ts","statementMap":{"0":{"start":{"line":1,"column":0},"end":{"line":1,"column":49}},"1":{"start":{"line":2,"column":0},"end":{"line":2,"column":43}},"2":{"start":{"line":4,"column":7},"end":{"line":11,"column":null}},"3":{"start":{"line":5,"column":31},"end":{"line":5,"column":43}},"4":{"start":{"line":9,"column":4},"end":{"line":9,"column":39}},"5":{"start":{"line":7,"column":2},"end":{"line":10,"column":null}},"6":{"start":{"line":4,"column":13},"end":{"line":11,"column":null}},"7":{"start":{"line":4,"column":13},"end":{"line":4,"column":26}}},"fnMap":{"0":{"name":"(anonymous_2)","decl":{"start":{"line":5,"column":2},"end":{"line":5,"column":31}},"loc":{"start":{"line":5,"column":53},"end":{"line":5,"column":57}}},"1":{"name":"(anonymous_3)","decl":{"start":{"line":8,"column":2},"end":{"line":8,"column":11}},"loc":{"start":{"line":8,"column":11},"end":{"line":10,"column":3}}}},"branchMap":{},"s":{"0":1,"1":1,"2":1,"3":1,"4":1,"5":1,"6":1,"7":1},"f":{"0":1,"1":1},"b":{}}
,"/Users/juandimartino/Desktop/Falabella/retry-engine-v2/src/app.service.ts": {"path":"/Users/juandimartino/Desktop/Falabella/retry-engine-v2/src/app.service.ts","statementMap":{"0":{"start":{"line":1,"column":0},"end":{"line":1,"column":56}},"1":{"start":{"line":2,"column":0},"end":{"line":2,"column":47}},"2":{"start":{"line":3,"column":0},"end":{"line":3,"column":65}},"3":{"start":{"line":6,"column":7},"end":{"line":21,"column":null}},"4":{"start":{"line":8,"column":22},"end":{"line":8,"column":37}},"5":{"start":{"line":9,"column":4},"end":{"line":9,"column":59}},"6":{"start":{"line":12,"column":20},"end":{"line":14,"column":22}},"7":{"start":{"line":15,"column":4},"end":{"line":15,"column":43}},"8":{"start":{"line":16,"column":4},"end":{"line":19,"column":6}},"9":{"start":{"line":6,"column":13},"end":{"line":21,"column":null}},"10":{"start":{"line":6,"column":13},"end":{"line":6,"column":23}}},"fnMap":{"0":{"name":"(anonymous_2)","decl":{"start":{"line":8,"column":2},"end":{"line":8,"column":22}},"loc":{"start":{"line":8,"column":50},"end":{"line":10,"column":3}}},"1":{"name":"(anonymous_3)","decl":{"start":{"line":11,"column":2},"end":{"line":11,"column":11}},"loc":{"start":{"line":11,"column":11},"end":{"line":20,"column":3}}}},"branchMap":{},"s":{"0":2,"1":2,"2":2,"3":2,"4":3,"5":3,"6":1,"7":1,"8":1,"9":2,"10":2},"f":{"0":3,"1":1},"b":{}}
,"/Users/juandimartino/Desktop/Falabella/retry-engine-v2/src/base/base.controller.ts": {"path":"/Users/juandimartino/Desktop/Falabella/retry-engine-v2/src/base/base.controller.ts","statementMap":{"0":{"start":{"line":1,"column":0},"end":{"line":1,"column":44}},"1":{"start":{"line":2,"column":0},"end":{"line":2,"column":null}},"2":{"start":{"line":9,"column":0},"end":{"line":9,"column":47}},"3":{"start":{"line":10,"column":0},"end":{"line":10,"column":52}},"4":{"start":{"line":11,"column":0},"end":{"line":11,"column":57}},"5":{"start":{"line":12,"column":0},"end":{"line":12,"column":41}},"6":{"start":{"line":15,"column":7},"end":{"line":47,"column":null}},"7":{"start":{"line":18,"column":33},"end":{"line":18,"column":50}},"8":{"start":{"line":19,"column":4},"end":{"line":19,"column":59}},"9":{"start":{"line":20,"column":4},"end":{"line":20,"column":73}},"10":{"start":{"line":25,"column":4},"end":{"line":45,"column":null}},"11":{"start":{"line":26,"column":22},"end":{"line":26,"column":45}},"12":{"start":{"line":27,"column":22},"end":{"line":27,"column":42}},"13":{"start":{"line":28,"column":19},"end":{"line":28,"column":43}},"14":{"start":{"line":29,"column":6},"end":{"line":29,"column":45}},"15":{"start":{"line":30,"column":6},"end":{"line":30,"column":48}},"16":{"start":{"line":31,"column":6},"end":{"line":34,"column":8}},"17":{"start":{"line":35,"column":6},"end":{"line":35,"column":27}},"18":{"start":{"line":36,"column":6},"end":{"line":36,"column":38}},"19":{"start":{"line":38,"column":6},"end":{"line":44,"column":8}},"20":{"start":{"line":24,"column":16},"end":{"line":46,"column":null}},"21":{"start":{"line":15,"column":13},"end":{"line":47,"column":null}},"22":{"start":{"line":15,"column":13},"end":{"line":15,"column":27}}},"fnMap":{"0":{"name":"(anonymous_4)","decl":{"start":{"line":18,"column":2},"end":{"line":18,"column":33}},"loc":{"start":{"line":18,"column":50},"end":{"line":21,"column":3}}},"1":{"name":"(anonymous_5)","decl":{"start":{"line":24,"column":10},"end":{"line":24,"column":15}},"loc":{"start":{"line":24,"column":76},"end":{"line":46,"column":3}}}},"branchMap":{},"s":{"0":2,"1":2,"2":2,"3":2,"4":2,"5":2,"6":2,"7":2,"8":2,"9":2,"10":1,"11":1,"12":1,"13":1,"14":1,"15":1,"16":1,"17":0,"18":0,"19":1,"20":2,"21":2,"22":2},"f":{"0":2,"1":1},"b":{}}
,"/Users/juandimartino/Desktop/Falabella/retry-engine-v2/src/constants/index.ts": {"path":"/Users/juandimartino/Desktop/Falabella/retry-engine-v2/src/constants/index.ts","statementMap":{"0":{"start":{"line":3,"column":0},"end":{"line":3,"column":13}},"1":{"start":{"line":4,"column":25},"end":{"line":4,"column":66}},"2":{"start":{"line":5,"column":25},"end":{"line":5,"column":70}},"3":{"start":{"line":6,"column":25},"end":{"line":6,"column":68}},"4":{"start":{"line":7,"column":25},"end":{"line":7,"column":69}},"5":{"start":{"line":8,"column":25},"end":{"line":8,"column":71}},"6":{"start":{"line":9,"column":25},"end":{"line":9,"column":68}},"7":{"start":{"line":10,"column":25},"end":{"line":10,"column":70}},"8":{"start":{"line":11,"column":25},"end":{"line":11,"column":60}},"9":{"start":{"line":12,"column":25},"end":{"line":12,"column":62}},"10":{"start":{"line":13,"column":25},"end":{"line":13,"column":74}},"11":{"start":{"line":14,"column":25},"end":{"line":14,"column":76}},"12":{"start":{"line":15,"column":25},"end":{"line":15,"column":60}},"13":{"start":{"line":16,"column":25},"end":{"line":16,"column":62}},"14":{"start":{"line":17,"column":25},"end":{"line":17,"column":58}},"15":{"start":{"line":18,"column":25},"end":{"line":18,"column":60}},"16":{"start":{"line":19,"column":25},"end":{"line":19,"column":68}},"17":{"start":{"line":20,"column":25},"end":{"line":20,"column":70}},"18":{"start":{"line":21,"column":25},"end":{"line":22,"column":29}},"19":{"start":{"line":23,"column":25},"end":{"line":30,"column":4}},"20":{"start":{"line":31,"column":25},"end":{"line":31,"column":68}},"21":{"start":{"line":32,"column":25},"end":{"line":36,"column":4}},"22":{"start":{"line":37,"column":25},"end":{"line":41,"column":4}},"23":{"start":{"line":42,"column":25},"end":{"line":46,"column":4}},"24":{"start":{"line":47,"column":25},"end":{"line":52,"column":4}},"25":{"start":{"line":53,"column":25},"end":{"line":73,"column":4}},"26":{"start":{"line":74,"column":25},"end":{"line":77,"column":4}},"27":{"start":{"line":78,"column":25},"end":{"line":81,"column":4}},"28":{"start":{"line":82,"column":16},"end":{"line":85,"column":4}}},"fnMap":{},"branchMap":{},"s":{"0":18,"1":18,"2":18,"3":18,"4":18,"5":18,"6":18,"7":18,"8":18,"9":18,"10":18,"11":18,"12":18,"13":18,"14":18,"15":18,"16":18,"17":18,"18":18,"19":18,"20":18,"21":18,"22":18,"23":18,"24":18,"25":18,"26":18,"27":18,"28":18},"f":{},"b":{}}
,"/Users/juandimartino/Desktop/Falabella/retry-engine-v2/src/create-transaction/create-transaction.controller.ts": {"path":"/Users/juandimartino/Desktop/Falabella/retry-engine-v2/src/create-transaction/create-transaction.controller.ts","statementMap":{"0":{"start":{"line":1,"column":0},"end":{"line":1,"column":44}},"1":{"start":{"line":2,"column":0},"end":{"line":2,"column":72}},"2":{"start":{"line":3,"column":0},"end":{"line":3,"column":57}},"3":{"start":{"line":5,"column":7},"end":{"line":9,"column":null}},"4":{"start":{"line":7,"column":4},"end":{"line":7,"column":19}},"5":{"start":{"line":6,"column":33},"end":{"line":6,"column":42}},"6":{"start":{"line":5,"column":13},"end":{"line":9,"column":null}},"7":{"start":{"line":5,"column":13},"end":{"line":5,"column":40}}},"fnMap":{"0":{"name":"(anonymous_2)","decl":{"start":{"line":6,"column":2},"end":{"line":6,"column":33}},"loc":{"start":{"line":6,"column":66},"end":{"line":8,"column":3}}}},"branchMap":{},"s":{"0":2,"1":2,"2":2,"3":2,"4":2,"5":2,"6":2,"7":2},"f":{"0":2},"b":{}}
,"/Users/juandimartino/Desktop/Falabella/retry-engine-v2/src/create-transaction/create-transaction.module.ts": {"path":"/Users/juandimartino/Desktop/Falabella/retry-engine-v2/src/create-transaction/create-transaction.module.ts","statementMap":{"0":{"start":{"line":1,"column":0},"end":{"line":1,"column":40}},"1":{"start":{"line":2,"column":0},"end":{"line":2,"column":72}},"2":{"start":{"line":3,"column":0},"end":{"line":3,"column":78}},"3":{"start":{"line":4,"column":0},"end":{"line":4,"column":54}},"4":{"start":{"line":5,"column":0},"end":{"line":5,"column":77}},"5":{"start":{"line":6,"column":0},"end":{"line":6,"column":62}},"6":{"start":{"line":7,"column":0},"end":{"line":7,"column":51}},"7":{"start":{"line":8,"column":0},"end":{"line":8,"column":47}},"8":{"start":{"line":9,"column":0},"end":{"line":9,"column":71}},"9":{"start":{"line":10,"column":0},"end":{"line":10,"column":52}},"10":{"start":{"line":11,"column":0},"end":{"line":11,"column":84}},"11":{"start":{"line":35,"column":7},"end":{"line":35,"column":null}},"12":{"start":{"line":35,"column":13},"end":{"line":35,"column":null}},"13":{"start":{"line":26,"column":41},"end":{"line":27,"column":null}},"14":{"start":{"line":29,"column":8},"end":{"line":29,"column":55}},"15":{"start":{"line":35,"column":13},"end":{"line":35,"column":36}}},"fnMap":{"0":{"name":"(anonymous_1)","decl":{"start":{"line":25,"column":18},"end":{"line":25,"column":19}},"loc":{"start":{"line":25,"column":51},"end":{"line":30,"column":7}}}},"branchMap":{},"s":{"0":1,"1":1,"2":1,"3":1,"4":1,"5":1,"6":1,"7":1,"8":1,"9":1,"10":1,"11":1,"12":1,"13":0,"14":0,"15":1},"f":{"0":0},"b":{}}
,"/Users/juandimartino/Desktop/Falabella/retry-engine-v2/src/create-transaction/create-transaction.service.ts": {"path":"/Users/juandimartino/Desktop/Falabella/retry-engine-v2/src/create-transaction/create-transaction.service.ts","statementMap":{"0":{"start":{"line":3,"column":0},"end":{"line":3,"column":57}},"1":{"start":{"line":4,"column":0},"end":{"line":4,"column":53}},"2":{"start":{"line":5,"column":0},"end":{"line":5,"column":41}},"3":{"start":{"line":6,"column":0},"end":{"line":6,"column":54}},"4":{"start":{"line":7,"column":0},"end":{"line":7,"column":52}},"5":{"start":{"line":8,"column":0},"end":{"line":8,"column":77}},"6":{"start":{"line":10,"column":0},"end":{"line":10,"column":71}},"7":{"start":{"line":11,"column":0},"end":{"line":11,"column":62}},"8":{"start":{"line":12,"column":0},"end":{"line":12,"column":47}},"9":{"start":{"line":13,"column":0},"end":{"line":13,"column":55}},"10":{"start":{"line":14,"column":0},"end":{"line":14,"column":80}},"11":{"start":{"line":15,"column":0},"end":{"line":15,"column":66}},"12":{"start":{"line":16,"column":0},"end":{"line":16,"column":52}},"13":{"start":{"line":17,"column":0},"end":{"line":17,"column":38}},"14":{"start":{"line":18,"column":0},"end":{"line":18,"column":58}},"15":{"start":{"line":19,"column":0},"end":{"line":19,"column":54}},"16":{"start":{"line":21,"column":0},"end":{"line":21,"column":null}},"17":{"start":{"line":25,"column":0},"end":{"line":25,"column":84}},"18":{"start":{"line":27,"column":7},"end":{"line":582,"column":null}},"19":{"start":{"line":31,"column":44},"end":{"line":31,"column":63}},"20":{"start":{"line":32,"column":21},"end":{"line":32,"column":35}},"21":{"start":{"line":33,"column":21},"end":{"line":33,"column":37}},"22":{"start":{"line":34,"column":21},"end":{"line":34,"column":37}},"23":{"start":{"line":35,"column":12},"end":{"line":35,"column":27}},"24":{"start":{"line":36,"column":39},"end":{"line":36,"column":49}},"25":{"start":{"line":37,"column":21},"end":{"line":37,"column":43}},"26":{"start":{"line":122,"column":10},"end":{"line":127,"column":4}},"27":{"start":{"line":123,"column":44},"end":{"line":123,"column":48}},"28":{"start":{"line":124,"column":22},"end":{"line":124,"column":70}},"29":{"start":{"line":125,"column":4},"end":{"line":125,"column":70}},"30":{"start":{"line":125,"column":19},"end":{"line":125,"column":70}},"31":{"start":{"line":126,"column":4},"end":{"line":126,"column":20}},"32":{"start":{"line":212,"column":10},"end":{"line":298,"column":4}},"33":{"start":{"line":215,"column":74},"end":{"line":215,"column":78}},"34":{"start":{"line":216,"column":35},"end":{"line":217,"column":null}},"35":{"start":{"line":219,"column":36},"end":{"line":220,"column":null}},"36":{"start":{"line":222,"column":25},"end":{"line":222,"column":41}},"37":{"start":{"line":224,"column":6},"end":{"line":224,"column":59}},"38":{"start":{"line":225,"column":20},"end":{"line":225,"column":34}},"39":{"start":{"line":226,"column":29},"end":{"line":226,"column":52}},"40":{"start":{"line":227,"column":21},"end":{"line":229,"column":18}},"41":{"start":{"line":231,"column":6},"end":{"line":235,"column":null}},"42":{"start":{"line":237,"column":30},"end":{"line":237,"column":67}},"43":{"start":{"line":239,"column":6},"end":{"line":239,"column":50}},"44":{"start":{"line":240,"column":4},"end":{"line":297,"column":null}},"45":{"start":{"line":245,"column":30},"end":{"line":248,"column":null}},"46":{"start":{"line":250,"column":28},"end":{"line":251,"column":null}},"47":{"start":{"line":254,"column":27},"end":{"line":258,"column":8}},"48":{"start":{"line":259,"column":6},"end":{"line":262,"column":8}},"49":{"start":{"line":263,"column":6},"end":{"line":268,"column":8}},"50":{"start":{"line":269,"column":6},"end":{"line":278,"column":9}},"51":{"start":{"line":280,"column":6},"end":{"line":285,"column":8}},"52":{"start":{"line":286,"column":6},"end":{"line":296,"column":9}},"53":{"start":{"line":374,"column":10},"end":{"line":382,"column":4}},"54":{"start":{"line":375,"column":18},"end":{"line":375,"column":79}},"55":{"start":{"line":376,"column":4},"end":{"line":381,"column":6}},"56":{"start":{"line":384,"column":10},"end":{"line":388,"column":4}},"57":{"start":{"line":385,"column":4},"end":{"line":387,"column":6}},"58":{"start":{"line":390,"column":10},"end":{"line":405,"column":4}},"59":{"start":{"line":391,"column":4},"end":{"line":404,"column":null}},"60":{"start":{"line":392,"column":6},"end":{"line":395,"column":8}},"61":{"start":{"line":396,"column":6},"end":{"line":396,"column":56}},"62":{"start":{"line":398,"column":6},"end":{"line":402,"column":8}},"63":{"start":{"line":403,"column":6},"end":{"line":403,"column":18}},"64":{"start":{"line":407,"column":10},"end":{"line":496,"column":4}},"65":{"start":{"line":408,"column":75},"end":{"line":408,"column":79}},"66":{"start":{"line":409,"column":35},"end":{"line":410,"column":null}},"67":{"start":{"line":412,"column":36},"end":{"line":413,"column":null}},"68":{"start":{"line":416,"column":6},"end":{"line":416,"column":59}},"69":{"start":{"line":418,"column":6},"end":{"line":418,"column":72}},"70":{"start":{"line":420,"column":6},"end":{"line":424,"column":null}},"71":{"start":{"line":426,"column":4},"end":{"line":495,"column":null}},"72":{"start":{"line":427,"column":32},"end":{"line":427,"column":69}},"73":{"start":{"line":428,"column":30},"end":{"line":431,"column":null}},"74":{"start":{"line":433,"column":28},"end":{"line":433,"column":75}},"75":{"start":{"line":434,"column":6},"end":{"line":434,"column":71}},"76":{"start":{"line":435,"column":6},"end":{"line":435,"column":53}},"77":{"start":{"line":436,"column":6},"end":{"line":439,"column":8}},"78":{"start":{"line":440,"column":6},"end":{"line":445,"column":8}},"79":{"start":{"line":446,"column":6},"end":{"line":464,"column":9}},"80":{"start":{"line":466,"column":6},"end":{"line":469,"column":8}},"81":{"start":{"line":470,"column":6},"end":{"line":475,"column":8}},"82":{"start":{"line":476,"column":6},"end":{"line":494,"column":9}},"83":{"start":{"line":498,"column":10},"end":{"line":502,"column":4}},"84":{"start":{"line":499,"column":4},"end":{"line":501,"column":6}},"85":{"start":{"line":504,"column":10},"end":{"line":514,"column":4}},"86":{"start":{"line":506,"column":6},"end":{"line":506,"column":57}},"87":{"start":{"line":507,"column":4},"end":{"line":507,"column":48}},"88":{"start":{"line":508,"column":4},"end":{"line":508,"column":35}},"89":{"start":{"line":509,"column":4},"end":{"line":513,"column":6}},"90":{"start":{"line":516,"column":10},"end":{"line":553,"column":4}},"91":{"start":{"line":517,"column":4},"end":{"line":552,"column":null}},"92":{"start":{"line":518,"column":38},"end":{"line":519,"column":null}},"93":{"start":{"line":522,"column":8},"end":{"line":522,"column":59}},"94":{"start":{"line":523,"column":18},"end":{"line":523,"column":46}},"95":{"start":{"line":524,"column":26},"end":{"line":525,"column":null}},"96":{"start":{"line":527,"column":38},"end":{"line":527,"column":70}},"97":{"start":{"line":528,"column":6},"end":{"line":538,"column":null}},"98":{"start":{"line":529,"column":40},"end":{"line":533,"column":10}},"99":{"start":{"line":535,"column":10},"end":{"line":535,"column":79}},"100":{"start":{"line":536,"column":8},"end":{"line":536,"column":57}},"101":{"start":{"line":537,"column":8},"end":{"line":537,"column":25}},"102":{"start":{"line":539,"column":6},"end":{"line":543,"column":8}},"103":{"start":{"line":544,"column":6},"end":{"line":544,"column":29}},"104":{"start":{"line":546,"column":6},"end":{"line":550,"column":8}},"105":{"start":{"line":551,"column":6},"end":{"line":551,"column":18}},"106":{"start":{"line":554,"column":10},"end":{"line":563,"column":4}},"107":{"start":{"line":559,"column":4},"end":{"line":561,"column":null}},"108":{"start":{"line":560,"column":6},"end":{"line":560,"column":60}},"109":{"start":{"line":562,"column":4},"end":{"line":562,"column":32}},"110":{"start":{"line":565,"column":10},"end":{"line":581,"column":4}},"111":{"start":{"line":569,"column":25},"end":{"line":575,"column":6}},"112":{"start":{"line":576,"column":4},"end":{"line":580,"column":null}},"113":{"start":{"line":577,"column":6},"end":{"line":577,"column":72}},"114":{"start":{"line":577,"column":34},"end":{"line":577,"column":72}},"115":{"start":{"line":579,"column":6},"end":{"line":579,"column":18}},"116":{"start":{"line":39,"column":4},"end":{"line":39,"column":59}},"117":{"start":{"line":40,"column":4},"end":{"line":41,"column":62}},"118":{"start":{"line":49,"column":25},"end":{"line":49,"column":41}},"119":{"start":{"line":51,"column":4},"end":{"line":120,"column":null}},"120":{"start":{"line":52,"column":6},"end":{"line":52,"column":68}},"121":{"start":{"line":53,"column":6},"end":{"line":53,"column":62}},"122":{"start":{"line":54,"column":6},"end":{"line":54,"column":59}},"123":{"start":{"line":55,"column":6},"end":{"line":55,"column":46}},"124":{"start":{"line":56,"column":6},"end":{"line":58,"column":69}},"125":{"start":{"line":59,"column":44},"end":{"line":61,"column":48}},"126":{"start":{"line":62,"column":6},"end":{"line":69,"column":8}},"127":{"start":{"line":70,"column":6},"end":{"line":70,"column":70}},"128":{"start":{"line":71,"column":28},"end":{"line":73,"column":null}},"129":{"start":{"line":75,"column":6},"end":{"line":75,"column":78}},"130":{"start":{"line":76,"column":6},"end":{"line":80,"column":8}},"131":{"start":{"line":82,"column":8},"end":{"line":82,"column":74}},"132":{"start":{"line":84,"column":8},"end":{"line":84,"column":76}},"133":{"start":{"line":85,"column":6},"end":{"line":102,"column":9}},"134":{"start":{"line":104,"column":6},"end":{"line":104,"column":22}},"135":{"start":{"line":106,"column":6},"end":{"line":110,"column":8}},"136":{"start":{"line":111,"column":6},"end":{"line":118,"column":9}},"137":{"start":{"line":119,"column":6},"end":{"line":119,"column":18}},"138":{"start":{"line":136,"column":25},"end":{"line":136,"column":44}},"139":{"start":{"line":137,"column":25},"end":{"line":137,"column":41}},"140":{"start":{"line":138,"column":29},"end":{"line":138,"column":52}},"141":{"start":{"line":139,"column":25},"end":{"line":139,"column":48}},"142":{"start":{"line":140,"column":25},"end":{"line":140,"column":62}},"143":{"start":{"line":141,"column":15},"end":{"line":141,"column":29}},"144":{"start":{"line":143,"column":4},"end":{"line":210,"column":null}},"145":{"start":{"line":144,"column":6},"end":{"line":146,"column":69}},"146":{"start":{"line":147,"column":44},"end":{"line":149,"column":48}},"147":{"start":{"line":150,"column":6},"end":{"line":150,"column":68}},"148":{"start":{"line":151,"column":6},"end":{"line":151,"column":62}},"149":{"start":{"line":152,"column":6},"end":{"line":152,"column":59}},"150":{"start":{"line":153,"column":6},"end":{"line":153,"column":46}},"151":{"start":{"line":154,"column":6},"end":{"line":161,"column":8}},"152":{"start":{"line":162,"column":6},"end":{"line":165,"column":8}},"153":{"start":{"line":166,"column":6},"end":{"line":169,"column":8}},"154":{"start":{"line":170,"column":6},"end":{"line":170,"column":70}},"155":{"start":{"line":171,"column":28},"end":{"line":173,"column":null}},"156":{"start":{"line":175,"column":6},"end":{"line":175,"column":78}},"157":{"start":{"line":176,"column":6},"end":{"line":180,"column":8}},"158":{"start":{"line":182,"column":8},"end":{"line":182,"column":76}},"159":{"start":{"line":183,"column":6},"end":{"line":192,"column":9}},"160":{"start":{"line":193,"column":6},"end":{"line":193,"column":22}},"161":{"start":{"line":195,"column":6},"end":{"line":199,"column":8}},"162":{"start":{"line":200,"column":6},"end":{"line":208,"column":9}},"163":{"start":{"line":209,"column":6},"end":{"line":209,"column":18}},"164":{"start":{"line":301,"column":4},"end":{"line":371,"column":null}},"165":{"start":{"line":302,"column":20},"end":{"line":302,"column":30}},"166":{"start":{"line":303,"column":22},"end":{"line":303,"column":59}},"167":{"start":{"line":304,"column":37},"end":{"line":304,"column":38}},"168":{"start":{"line":305,"column":44},"end":{"line":305,"column":45}},"169":{"start":{"line":307,"column":21},"end":{"line":327,"column":8}},"170":{"start":{"line":328,"column":44},"end":{"line":330,"column":null}},"171":{"start":{"line":332,"column":6},"end":{"line":355,"column":null}},"172":{"start":{"line":333,"column":44},"end":{"line":333,"column":46}},"173":{"start":{"line":334,"column":8},"end":{"line":341,"column":11}},"174":{"start":{"line":335,"column":10},"end":{"line":339,"column":12}},"175":{"start":{"line":340,"column":10},"end":{"line":340,"column":72}},"176":{"start":{"line":342,"column":8},"end":{"line":354,"column":10}},"177":{"start":{"line":344,"column":12},"end":{"line":348,"column":15}},"178":{"start":{"line":345,"column":14},"end":{"line":347,"column":57}},"179":{"start":{"line":349,"column":12},"end":{"line":352,"column":14}},"180":{"start":{"line":356,"column":6},"end":{"line":361,"column":8}},"181":{"start":{"line":362,"column":6},"end":{"line":367,"column":8}},"182":{"start":{"line":369,"column":6},"end":{"line":369,"column":80}},"183":{"start":{"line":370,"column":6},"end":{"line":370,"column":18}},"184":{"start":{"line":27,"column":13},"end":{"line":582,"column":null}},"185":{"start":{"line":27,"column":13},"end":{"line":27,"column":37}}},"fnMap":{"0":{"name":"(anonymous_4)","decl":{"start":{"line":30,"column":2},"end":{"line":30,"column":null}},"loc":{"start":{"line":37,"column":63},"end":{"line":42,"column":3}}},"1":{"name":"(anonymous_5)","decl":{"start":{"line":122,"column":26},"end":{"line":122,"column":27}},"loc":{"start":{"line":122,"column":45},"end":{"line":127,"column":3}}},"2":{"name":"(anonymous_6)","decl":{"start":{"line":212,"column":48},"end":{"line":212,"column":53}},"loc":{"start":{"line":214,"column":20},"end":{"line":298,"column":3}}},"3":{"name":"(anonymous_7)","decl":{"start":{"line":374,"column":36},"end":{"line":374,"column":41}},"loc":{"start":{"line":374,"column":73},"end":{"line":382,"column":3}}},"4":{"name":"(anonymous_8)","decl":{"start":{"line":384,"column":32},"end":{"line":384,"column":33}},"loc":{"start":{"line":384,"column":55},"end":{"line":388,"column":3}}},"5":{"name":"(anonymous_9)","decl":{"start":{"line":390,"column":42},"end":{"line":390,"column":47}},"loc":{"start":{"line":390,"column":75},"end":{"line":405,"column":3}}},"6":{"name":"(anonymous_10)","decl":{"start":{"line":407,"column":25},"end":{"line":407,"column":30}},"loc":{"start":{"line":407,"column":59},"end":{"line":496,"column":3}}},"7":{"name":"(anonymous_11)","decl":{"start":{"line":498,"column":32},"end":{"line":498,"column":33}},"loc":{"start":{"line":498,"column":55},"end":{"line":502,"column":3}}},"8":{"name":"(anonymous_12)","decl":{"start":{"line":504,"column":24},"end":{"line":504,"column":25}},"loc":{"start":{"line":504,"column":47},"end":{"line":514,"column":3}}},"9":{"name":"(anonymous_13)","decl":{"start":{"line":516,"column":25},"end":{"line":516,"column":30}},"loc":{"start":{"line":516,"column":73},"end":{"line":553,"column":3}}},"10":{"name":"(anonymous_14)","decl":{"start":{"line":554,"column":25},"end":{"line":554,"column":null}},"loc":{"start":{"line":558,"column":14},"end":{"line":563,"column":3}}},"11":{"name":"(anonymous_15)","decl":{"start":{"line":565,"column":46},"end":{"line":565,"column":51}},"loc":{"start":{"line":568,"column":20},"end":{"line":581,"column":3}}},"12":{"name":"(anonymous_16)","decl":{"start":{"line":43,"column":9},"end":{"line":43,"column":14}},"loc":{"start":{"line":43,"column":34},"end":{"line":121,"column":3}}},"13":{"name":"(anonymous_17)","decl":{"start":{"line":130,"column":10},"end":{"line":130,"column":15}},"loc":{"start":{"line":130,"column":62},"end":{"line":211,"column":3}}},"14":{"name":"(anonymous_18)","decl":{"start":{"line":300,"column":9},"end":{"line":300,"column":14}},"loc":{"start":{"line":300,"column":20},"end":{"line":372,"column":3}}},"15":{"name":"(anonymous_19)","decl":{"start":{"line":334,"column":25},"end":{"line":334,"column":26}},"loc":{"start":{"line":334,"column":56},"end":{"line":341,"column":9}}},"16":{"name":"(anonymous_20)","decl":{"start":{"line":343,"column":10},"end":{"line":343,"column":11}},"loc":{"start":{"line":343,"column":22},"end":{"line":353,"column":11}}},"17":{"name":"(anonymous_21)","decl":{"start":{"line":344,"column":28},"end":{"line":344,"column":29}},"loc":{"start":{"line":344,"column":38},"end":{"line":348,"column":13}}}},"branchMap":{"0":{"loc":{"start":{"line":125,"column":4},"end":{"line":125,"column":70}},"type":"if","locations":[{"start":{"line":125,"column":4},"end":{"line":125,"column":70}}]},"1":{"loc":{"start":{"line":224,"column":6},"end":{"line":224,"column":59}},"type":"binary-expr","locations":[{"start":{"line":224,"column":6},"end":{"line":224,"column":28}},{"start":{"line":224,"column":32},"end":{"line":224,"column":58}}]},"2":{"loc":{"start":{"line":224,"column":6},"end":{"line":224,"column":28}},"type":"cond-expr","locations":[{"start":{"line":224,"column":20},"end":{"line":224,"column":22}},{"start":{"line":224,"column":20},"end":{"line":224,"column":28}}]},"3":{"loc":{"start":{"line":224,"column":6},"end":{"line":224,"column":22}},"type":"binary-expr","locations":[{"start":{"line":224,"column":6},"end":{"line":224,"column":22}},{"start":{"line":224,"column":20},"end":{"line":224,"column":22}}]},"4":{"loc":{"start":{"line":224,"column":32},"end":{"line":224,"column":58}},"type":"cond-expr","locations":[{"start":{"line":224,"column":46},"end":{"line":224,"column":48}},{"start":{"line":224,"column":46},"end":{"line":224,"column":58}}]},"5":{"loc":{"start":{"line":224,"column":32},"end":{"line":224,"column":48}},"type":"binary-expr","locations":[{"start":{"line":224,"column":32},"end":{"line":224,"column":48}},{"start":{"line":224,"column":46},"end":{"line":224,"column":48}}]},"6":{"loc":{"start":{"line":227,"column":21},"end":{"line":229,"column":18}},"type":"cond-expr","locations":[{"start":{"line":228,"column":8},"end":{"line":228,"column":39}},{"start":{"line":229,"column":8},"end":{"line":229,"column":18}}]},"7":{"loc":{"start":{"line":240,"column":4},"end":{"line":297,"column":null}},"type":"if","locations":[{"start":{"line":240,"column":4},"end":{"line":297,"column":null}},{"start":{"line":279,"column":11},"end":{"line":297,"column":null}}]},"8":{"loc":{"start":{"line":241,"column":6},"end":{"line":243,"column":31}},"type":"binary-expr","locations":[{"start":{"line":241,"column":6},"end":{"line":241,"column":64}},{"start":{"line":242,"column":6},"end":{"line":242,"column":41}},{"start":{"line":243,"column":6},"end":{"line":243,"column":31}}]},"9":{"loc":{"start":{"line":416,"column":6},"end":{"line":416,"column":59}},"type":"binary-expr","locations":[{"start":{"line":416,"column":6},"end":{"line":416,"column":28}},{"start":{"line":416,"column":32},"end":{"line":416,"column":58}}]},"10":{"loc":{"start":{"line":416,"column":6},"end":{"line":416,"column":28}},"type":"cond-expr","locations":[{"start":{"line":416,"column":20},"end":{"line":416,"column":22}},{"start":{"line":416,"column":20},"end":{"line":416,"column":28}}]},"11":{"loc":{"start":{"line":416,"column":6},"end":{"line":416,"column":22}},"type":"binary-expr","locations":[{"start":{"line":416,"column":6},"end":{"line":416,"column":22}},{"start":{"line":416,"column":20},"end":{"line":416,"column":22}}]},"12":{"loc":{"start":{"line":416,"column":32},"end":{"line":416,"column":58}},"type":"cond-expr","locations":[{"start":{"line":416,"column":46},"end":{"line":416,"column":48}},{"start":{"line":416,"column":46},"end":{"line":416,"column":58}}]},"13":{"loc":{"start":{"line":416,"column":32},"end":{"line":416,"column":48}},"type":"binary-expr","locations":[{"start":{"line":416,"column":32},"end":{"line":416,"column":48}},{"start":{"line":416,"column":46},"end":{"line":416,"column":48}}]},"14":{"loc":{"start":{"line":426,"column":4},"end":{"line":495,"column":null}},"type":"if","locations":[{"start":{"line":426,"column":4},"end":{"line":495,"column":null}},{"start":{"line":465,"column":11},"end":{"line":495,"column":null}}]},"15":{"loc":{"start":{"line":528,"column":6},"end":{"line":538,"column":null}},"type":"if","locations":[{"start":{"line":528,"column":6},"end":{"line":538,"column":null}}]},"16":{"loc":{"start":{"line":535,"column":10},"end":{"line":535,"column":79}},"type":"binary-expr","locations":[{"start":{"line":535,"column":11},"end":{"line":535,"column":26}},{"start":{"line":535,"column":30},"end":{"line":535,"column":59}},{"start":{"line":535,"column":64},"end":{"line":535,"column":79}}]},"17":{"loc":{"start":{"line":535,"column":30},"end":{"line":535,"column":59}},"type":"cond-expr","locations":[{"start":{"line":535,"column":48},"end":{"line":535,"column":50}},{"start":{"line":535,"column":48},"end":{"line":535,"column":59}}]},"18":{"loc":{"start":{"line":535,"column":30},"end":{"line":535,"column":50}},"type":"binary-expr","locations":[{"start":{"line":535,"column":30},"end":{"line":535,"column":50}},{"start":{"line":535,"column":48},"end":{"line":535,"column":50}}]},"19":{"loc":{"start":{"line":559,"column":4},"end":{"line":561,"column":null}},"type":"if","locations":[{"start":{"line":559,"column":4},"end":{"line":561,"column":null}}]},"20":{"loc":{"start":{"line":577,"column":6},"end":{"line":577,"column":72}},"type":"if","locations":[{"start":{"line":577,"column":6},"end":{"line":577,"column":72}}]},"21":{"loc":{"start":{"line":57,"column":8},"end":{"line":58,"column":68}},"type":"binary-expr","locations":[{"start":{"line":57,"column":8},"end":{"line":57,"column":25}},{"start":{"line":58,"column":8},"end":{"line":58,"column":68}}]},"22":{"loc":{"start":{"line":145,"column":8},"end":{"line":146,"column":68}},"type":"binary-expr","locations":[{"start":{"line":145,"column":8},"end":{"line":145,"column":25}},{"start":{"line":146,"column":8},"end":{"line":146,"column":68}}]},"23":{"loc":{"start":{"line":332,"column":6},"end":{"line":355,"column":null}},"type":"if","locations":[{"start":{"line":332,"column":6},"end":{"line":355,"column":null}}]},"24":{"loc":{"start":{"line":332,"column":10},"end":{"line":332,"column":26}},"type":"cond-expr","locations":[{"start":{"line":332,"column":18},"end":{"line":332,"column":20}},{"start":{"line":332,"column":10},"end":{"line":332,"column":26}}]},"25":{"loc":{"start":{"line":332,"column":10},"end":{"line":332,"column":20}},"type":"binary-expr","locations":[{"start":{"line":332,"column":10},"end":{"line":332,"column":20}},{"start":{"line":332,"column":10},"end":{"line":332,"column":20}}]},"26":{"loc":{"start":{"line":345,"column":14},"end":{"line":347,"column":56}},"type":"cond-expr","locations":[{"start":{"line":346,"column":19},"end":{"line":346,"column":48}},{"start":{"line":347,"column":19},"end":{"line":347,"column":55}}]},"27":{"loc":{"start":{"line":359,"column":10},"end":{"line":359,"column":null}},"type":"binary-expr","locations":[{"start":{"line":359,"column":10},"end":{"line":359,"column":43}},{"start":{"line":359,"column":47},"end":{"line":359,"column":null}}]},"28":{"loc":{"start":{"line":359,"column":10},"end":{"line":359,"column":43}},"type":"cond-expr","locations":[{"start":{"line":359,"column":17},"end":{"line":359,"column":19}},{"start":{"line":359,"column":10},"end":{"line":359,"column":43}}]},"29":{"loc":{"start":{"line":359,"column":10},"end":{"line":359,"column":19}},"type":"binary-expr","locations":[{"start":{"line":359,"column":10},"end":{"line":359,"column":19}},{"start":{"line":359,"column":10},"end":{"line":359,"column":19}}]},"30":{"loc":{"start":{"line":365,"column":10},"end":{"line":365,"column":null}},"type":"binary-expr","locations":[{"start":{"line":365,"column":10},"end":{"line":365,"column":50}},{"start":{"line":365,"column":54},"end":{"line":365,"column":null}}]},"31":{"loc":{"start":{"line":365,"column":10},"end":{"line":365,"column":50}},"type":"cond-expr","locations":[{"start":{"line":365,"column":17},"end":{"line":365,"column":19}},{"start":{"line":365,"column":10},"end":{"line":365,"column":50}}]},"32":{"loc":{"start":{"line":365,"column":10},"end":{"line":365,"column":19}},"type":"binary-expr","locations":[{"start":{"line":365,"column":10},"end":{"line":365,"column":19}},{"start":{"line":365,"column":10},"end":{"line":365,"column":19}}]}},"s":{"0":4,"1":4,"2":4,"3":4,"4":4,"5":4,"6":4,"7":4,"8":4,"9":4,"10":4,"11":4,"12":4,"13":4,"14":4,"15":4,"16":4,"17":4,"18":4,"19":22,"20":22,"21":22,"22":22,"23":22,"24":22,"25":22,"26":22,"27":9,"28":9,"29":9,"30":2,"31":7,"32":22,"33":4,"34":4,"35":4,"36":4,"37":4,"38":4,"39":4,"40":4,"41":4,"42":4,"43":4,"44":3,"45":1,"46":1,"47":1,"48":1,"49":1,"50":1,"51":2,"52":2,"53":22,"54":3,"55":2,"56":22,"57":5,"58":22,"59":24,"60":24,"61":24,"62":24,"63":24,"64":22,"65":5,"66":5,"67":5,"68":5,"69":5,"70":5,"71":5,"72":3,"73":2,"74":2,"75":2,"76":2,"77":2,"78":2,"79":2,"80":1,"81":1,"82":1,"83":22,"84":1,"85":22,"86":2,"87":2,"88":2,"89":2,"90":22,"91":7,"92":7,"93":7,"94":7,"95":7,"96":7,"97":6,"98":5,"99":5,"100":5,"101":5,"102":1,"103":1,"104":1,"105":1,"106":22,"107":3,"108":1,"109":3,"110":22,"111":17,"112":17,"113":17,"114":11,"115":1,"116":22,"117":22,"118":12,"119":12,"120":12,"121":12,"122":12,"123":12,"124":12,"125":12,"126":12,"127":12,"128":11,"129":7,"130":7,"131":7,"132":7,"133":7,"134":7,"135":5,"136":5,"137":3,"138":6,"139":6,"140":6,"141":6,"142":6,"143":6,"144":6,"145":6,"146":6,"147":6,"148":6,"149":6,"150":6,"151":6,"152":6,"153":6,"154":5,"155":5,"156":2,"157":2,"158":2,"159":2,"160":2,"161":4,"162":4,"163":3,"164":7,"165":7,"166":7,"167":7,"168":7,"169":7,"170":7,"171":6,"172":5,"173":5,"174":8,"175":8,"176":5,"177":5,"178":8,"179":5,"180":6,"181":6,"182":1,"183":1,"184":4,"185":4},"f":{"0":22,"1":9,"2":4,"3":3,"4":5,"5":24,"6":5,"7":1,"8":2,"9":7,"10":3,"11":17,"12":12,"13":6,"14":7,"15":8,"16":5,"17":8},"b":{"0":[2],"1":[4,4],"2":[3,1],"3":[4,4],"4":[3,1],"5":[4,4],"6":[0,4],"7":[1,2],"8":[3,2,2],"9":[5,4],"10":[2,3],"11":[5,5],"12":[2,2],"13":[4,4],"14":[3,1],"15":[5],"16":[5,4,4],"17":[3,1],"18":[4,4],"19":[1],"20":[11],"21":[12,12],"22":[6,6],"23":[5],"24":[1,5],"25":[6,6],"26":[3,5],"27":[6,3],"28":[1,5],"29":[6,6],"30":[6,2],"31":[1,5],"32":[6,6]}}
,"/Users/juandimartino/Desktop/Falabella/retry-engine-v2/src/create-transaction/dtos/index.ts": {"path":"/Users/juandimartino/Desktop/Falabella/retry-engine-v2/src/create-transaction/dtos/index.ts","statementMap":{"0":{"start":{"line":1,"column":0},"end":{"line":1,"column":9}},"1":{"start":{"line":1,"column":9},"end":{"line":1,"column":58}},"2":{"start":{"line":2,"column":0},"end":{"line":2,"column":9}},"3":{"start":{"line":2,"column":9},"end":{"line":2,"column":45}}},"fnMap":{"0":{"name":"(anonymous_0)","decl":{"start":{"line":1,"column":9},"end":{"line":1,"column":26}},"loc":{"start":{"line":1,"column":9},"end":{"line":1,"column":58}}},"1":{"name":"(anonymous_1)","decl":{"start":{"line":2,"column":9},"end":{"line":2,"column":20}},"loc":{"start":{"line":2,"column":9},"end":{"line":2,"column":45}}}},"branchMap":{},"s":{"0":9,"1":18,"2":9,"3":14},"f":{"0":9,"1":5},"b":{}}
,"/Users/juandimartino/Desktop/Falabella/retry-engine-v2/src/create-transaction/mapper/response.mapper.ts": {"path":"/Users/juandimartino/Desktop/Falabella/retry-engine-v2/src/create-transaction/mapper/response.mapper.ts","statementMap":{"0":{"start":{"line":1,"column":0},"end":{"line":1,"column":33}},"1":{"start":{"line":2,"column":0},"end":{"line":2,"column":38}},"2":{"start":{"line":3,"column":0},"end":{"line":3,"column":29}},"3":{"start":{"line":5,"column":0},"end":{"line":5,"column":13}},"4":{"start":{"line":6,"column":16},"end":{"line":20,"column":4}},"5":{"start":{"line":7,"column":28},"end":{"line":7,"column":30}},"6":{"start":{"line":8,"column":29},"end":{"line":8,"column":56}},"7":{"start":{"line":9,"column":4},"end":{"line":9,"column":74}},"8":{"start":{"line":10,"column":4},"end":{"line":10,"column":79}},"9":{"start":{"line":11,"column":4},"end":{"line":11,"column":47}},"10":{"start":{"line":12,"column":4},"end":{"line":12,"column":61}},"11":{"start":{"line":13,"column":4},"end":{"line":18,"column":7}},"12":{"start":{"line":19,"column":4},"end":{"line":19,"column":15}}},"fnMap":{"0":{"name":"(anonymous_0)","decl":{"start":{"line":6,"column":28},"end":{"line":6,"column":29}},"loc":{"start":{"line":6,"column":73},"end":{"line":20,"column":3}}}},"branchMap":{},"s":{"0":5,"1":5,"2":5,"3":5,"4":5,"5":3,"6":3,"7":3,"8":3,"9":3,"10":3,"11":3,"12":3},"f":{"0":3},"b":{}}
,"/Users/juandimartino/Desktop/Falabella/retry-engine-v2/src/create-transaction/mapper/transaction-log.mapper.ts": {"path":"/Users/juandimartino/Desktop/Falabella/retry-engine-v2/src/create-transaction/mapper/transaction-log.mapper.ts","statementMap":{"0":{"start":{"line":1,"column":0},"end":{"line":1,"column":64}},"1":{"start":{"line":2,"column":0},"end":{"line":2,"column":33}},"2":{"start":{"line":3,"column":0},"end":{"line":3,"column":29}},"3":{"start":{"line":4,"column":0},"end":{"line":4,"column":49}},"4":{"start":{"line":97,"column":4},"end":{"line":97,"column":61}},"5":{"start":{"line":5,"column":0},"end":{"line":5,"column":13}},"6":{"start":{"line":6,"column":17},"end":{"line":63,"column":4}},"7":{"start":{"line":7,"column":28},"end":{"line":7,"column":30}},"8":{"start":{"line":8,"column":39},"end":{"line":8,"column":72}},"9":{"start":{"line":9,"column":4},"end":{"line":9,"column":72}},"10":{"start":{"line":10,"column":4},"end":{"line":10,"column":39}},"11":{"start":{"line":11,"column":4},"end":{"line":13,"column":6}},"12":{"start":{"line":14,"column":4},"end":{"line":18,"column":6}},"13":{"start":{"line":19,"column":4},"end":{"line":21,"column":6}},"14":{"start":{"line":22,"column":4},"end":{"line":28,"column":6}},"15":{"start":{"line":29,"column":4},"end":{"line":34,"column":6}},"16":{"start":{"line":35,"column":4},"end":{"line":40,"column":6}},"17":{"start":{"line":41,"column":4},"end":{"line":46,"column":6}},"18":{"start":{"line":47,"column":4},"end":{"line":52,"column":6}},"19":{"start":{"line":53,"column":4},"end":{"line":57,"column":6}},"20":{"start":{"line":58,"column":4},"end":{"line":58,"column":53}},"21":{"start":{"line":59,"column":4},"end":{"line":59,"column":75}},"22":{"start":{"line":60,"column":4},"end":{"line":60,"column":31}},"23":{"start":{"line":61,"column":4},"end":{"line":61,"column":37}},"24":{"start":{"line":62,"column":4},"end":{"line":62,"column":19}},"25":{"start":{"line":65,"column":17},"end":{"line":94,"column":4}},"26":{"start":{"line":66,"column":28},"end":{"line":66,"column":30}},"27":{"start":{"line":67,"column":40},"end":{"line":67,"column":73}},"28":{"start":{"line":68,"column":26},"end":{"line":68,"column":48}},"29":{"start":{"line":69,"column":4},"end":{"line":69,"column":60}},"30":{"start":{"line":70,"column":4},"end":{"line":70,"column":40}},"31":{"start":{"line":71,"column":4},"end":{"line":71,"column":69}},"32":{"start":{"line":72,"column":4},"end":{"line":76,"column":6}},"33":{"start":{"line":77,"column":4},"end":{"line":77,"column":75}},"34":{"start":{"line":78,"column":4},"end":{"line":80,"column":6}},"35":{"start":{"line":81,"column":4},"end":{"line":81,"column":65}},"36":{"start":{"line":82,"column":4},"end":{"line":84,"column":6}},"37":{"start":{"line":85,"column":4},"end":{"line":85,"column":62}},"38":{"start":{"line":86,"column":4},"end":{"line":88,"column":6}},"39":{"start":{"line":89,"column":4},"end":{"line":89,"column":58}},"40":{"start":{"line":90,"column":4},"end":{"line":90,"column":32}},"41":{"start":{"line":91,"column":4},"end":{"line":91,"column":33}},"42":{"start":{"line":92,"column":4},"end":{"line":92,"column":38}},"43":{"start":{"line":93,"column":4},"end":{"line":93,"column":20}},"44":{"start":{"line":100,"column":16},"end":{"line":114,"column":4}},"45":{"start":{"line":106,"column":25},"end":{"line":109,"column":6}},"46":{"start":{"line":110,"column":31},"end":{"line":110,"column":65}},"47":{"start":{"line":111,"column":25},"end":{"line":111,"column":47}},"48":{"start":{"line":112,"column":35},"end":{"line":112,"column":78}},"49":{"start":{"line":113,"column":4},"end":{"line":113,"column":15}}},"fnMap":{"0":{"name":"(anonymous_0)","decl":{"start":{"line":96,"column":10},"end":{"line":96,"column":16}},"loc":{"start":{"line":96,"column":41},"end":{"line":98,"column":3}}},"1":{"name":"(anonymous_1)","decl":{"start":{"line":6,"column":32},"end":{"line":6,"column":33}},"loc":{"start":{"line":6,"column":65},"end":{"line":63,"column":3}}},"2":{"name":"(anonymous_2)","decl":{"start":{"line":65,"column":33},"end":{"line":65,"column":34}},"loc":{"start":{"line":65,"column":66},"end":{"line":94,"column":3}}},"3":{"name":"(anonymous_3)","decl":{"start":{"line":100,"column":28},"end":{"line":100,"column":null}},"loc":{"start":{"line":105,"column":25},"end":{"line":114,"column":3}}}},"branchMap":{"0":{"loc":{"start":{"line":97,"column":11},"end":{"line":97,"column":60}},"type":"cond-expr","locations":[{"start":{"line":97,"column":28},"end":{"line":97,"column":47}},{"start":{"line":97,"column":50},"end":{"line":97,"column":60}}]},"1":{"loc":{"start":{"line":89,"column":23},"end":{"line":89,"column":56}},"type":"cond-expr","locations":[{"start":{"line":89,"column":36},"end":{"line":89,"column":43}},{"start":{"line":89,"column":46},"end":{"line":89,"column":56}}]}},"s":{"0":5,"1":5,"2":5,"3":5,"4":14,"5":5,"6":5,"7":14,"8":14,"9":14,"10":14,"11":14,"12":14,"13":14,"14":14,"15":14,"16":14,"17":14,"18":14,"19":14,"20":14,"21":14,"22":14,"23":14,"24":14,"25":5,"26":19,"27":19,"28":19,"29":19,"30":19,"31":19,"32":19,"33":19,"34":19,"35":19,"36":19,"37":19,"38":19,"39":19,"40":19,"41":19,"42":19,"43":19,"44":5,"45":33,"46":33,"47":33,"48":33,"49":33},"f":{"0":14,"1":14,"2":19,"3":33},"b":{"0":[2,12],"1":[9,10]}}
,"/Users/juandimartino/Desktop/Falabella/retry-engine-v2/src/cron/cron.service.ts": {"path":"/Users/juandimartino/Desktop/Falabella/retry-engine-v2/src/cron/cron.service.ts","statementMap":{"0":{"start":{"line":1,"column":0},"end":{"line":1,"column":66}},"1":{"start":{"line":2,"column":0},"end":{"line":2,"column":47}},"2":{"start":{"line":3,"column":0},"end":{"line":3,"column":53}},"3":{"start":{"line":4,"column":0},"end":{"line":4,"column":31}},"4":{"start":{"line":5,"column":0},"end":{"line":5,"column":66}},"5":{"start":{"line":6,"column":0},"end":{"line":6,"column":92}},"6":{"start":{"line":9,"column":7},"end":{"line":39,"column":null}},"7":{"start":{"line":12,"column":12},"end":{"line":12,"column":31}},"8":{"start":{"line":13,"column":12},"end":{"line":13,"column":27}},"9":{"start":{"line":14,"column":46},"end":{"line":14,"column":55}},"10":{"start":{"line":16,"column":4},"end":{"line":16,"column":59}},"11":{"start":{"line":20,"column":22},"end":{"line":20,"column":75}},"12":{"start":{"line":21,"column":16},"end":{"line":35,"column":6}},"13":{"start":{"line":22,"column":6},"end":{"line":25,"column":8}},"14":{"start":{"line":26,"column":6},"end":{"line":34,"column":null}},"15":{"start":{"line":27,"column":8},"end":{"line":27,"column":35}},"16":{"start":{"line":29,"column":8},"end":{"line":33,"column":10}},"17":{"start":{"line":36,"column":4},"end":{"line":36,"column":60}},"18":{"start":{"line":37,"column":4},"end":{"line":37,"column":16}},"19":{"start":{"line":9,"column":13},"end":{"line":39,"column":null}},"20":{"start":{"line":9,"column":13},"end":{"line":9,"column":24}}},"fnMap":{"0":{"name":"(anonymous_4)","decl":{"start":{"line":11,"column":2},"end":{"line":11,"column":null}},"loc":{"start":{"line":14,"column":79},"end":{"line":17,"column":3}}},"1":{"name":"(anonymous_5)","decl":{"start":{"line":19,"column":2},"end":{"line":19,"column":14}},"loc":{"start":{"line":19,"column":14},"end":{"line":38,"column":3}}},"2":{"name":"(anonymous_6)","decl":{"start":{"line":21,"column":39},"end":{"line":21,"column":44}},"loc":{"start":{"line":21,"column":50},"end":{"line":35,"column":5}}}},"branchMap":{},"s":{"0":2,"1":2,"2":2,"3":2,"4":2,"5":2,"6":2,"7":2,"8":2,"9":2,"10":2,"11":1,"12":1,"13":1,"14":1,"15":1,"16":1,"17":1,"18":1,"19":2,"20":2},"f":{"0":2,"1":1,"2":1},"b":{}}
,"/Users/juandimartino/Desktop/Falabella/retry-engine-v2/src/database/initializer.ts": {"path":"/Users/juandimartino/Desktop/Falabella/retry-engine-v2/src/database/initializer.ts","statementMap":{"0":{"start":{"line":1,"column":0},"end":{"line":1,"column":32}},"1":{"start":{"line":5,"column":32},"end":{"line":5,"column":43}},"2":{"start":{"line":5,"column":27},"end":{"line":5,"column":32}},"3":{"start":{"line":6,"column":4},"end":{"line":10,"column":null}},"4":{"start":{"line":7,"column":6},"end":{"line":7,"column":43}},"5":{"start":{"line":9,"column":6},"end":{"line":9,"column":18}},"6":{"start":{"line":3,"column":0},"end":{"line":3,"column":13}}},"fnMap":{"0":{"name":"(anonymous_1)","decl":{"start":{"line":4,"column":9},"end":{"line":4,"column":15}},"loc":{"start":{"line":4,"column":46},"end":{"line":11,"column":3}}}},"branchMap":{},"s":{"0":1,"1":2,"2":2,"3":2,"4":2,"5":1,"6":1},"f":{"0":2},"b":{}}
,"/Users/juandimartino/Desktop/Falabella/retry-engine-v2/src/database/mongodb-service/mongodb-service.ts": {"path":"/Users/juandimartino/Desktop/Falabella/retry-engine-v2/src/database/mongodb-service/mongodb-service.ts","statementMap":{"0":{"start":{"line":1,"column":0},"end":{"line":1,"column":37}},"1":{"start":{"line":2,"column":0},"end":{"line":2,"column":60}},"2":{"start":{"line":3,"column":0},"end":{"line":3,"column":44}},"3":{"start":{"line":4,"column":0},"end":{"line":4,"column":47}},"4":{"start":{"line":5,"column":0},"end":{"line":5,"column":55}},"5":{"start":{"line":6,"column":0},"end":{"line":6,"column":44}},"6":{"start":{"line":8,"column":7},"end":{"line":62,"column":null}},"7":{"start":{"line":11,"column":22},"end":{"line":11,"column":37}},"8":{"start":{"line":12,"column":4},"end":{"line":12,"column":59}},"9":{"start":{"line":16,"column":4},"end":{"line":23,"column":null}},"10":{"start":{"line":17,"column":20},"end":{"line":17,"column":74}},"11":{"start":{"line":18,"column":6},"end":{"line":18,"column":75}},"12":{"start":{"line":19,"column":6},"end":{"line":19,"column":74}},"13":{"start":{"line":21,"column":6},"end":{"line":21,"column":77}},"14":{"start":{"line":22,"column":6},"end":{"line":22,"column":18}},"15":{"start":{"line":27,"column":4},"end":{"line":34,"column":null}},"16":{"start":{"line":28,"column":20},"end":{"line":28,"column":74}},"17":{"start":{"line":29,"column":6},"end":{"line":29,"column":35}},"18":{"start":{"line":30,"column":6},"end":{"line":30,"column":70}},"19":{"start":{"line":32,"column":6},"end":{"line":32,"column":73}},"20":{"start":{"line":33,"column":6},"end":{"line":33,"column":18}},"21":{"start":{"line":38,"column":4},"end":{"line":60,"column":null}},"22":{"start":{"line":39,"column":20},"end":{"line":39,"column":74}},"23":{"start":{"line":40,"column":27},"end":{"line":41,"column":null}},"24":{"start":{"line":43,"column":23},"end":{"line":43,"column":59}},"25":{"start":{"line":44,"column":6},"end":{"line":47,"column":8}},"26":{"start":{"line":48,"column":45},"end":{"line":55,"column":12}},"27":{"start":{"line":50,"column":12},"end":{"line":53,"column":14}},"28":{"start":{"line":56,"column":6},"end":{"line":56,"column":32}},"29":{"start":{"line":58,"column":6},"end":{"line":58,"column":77}},"30":{"start":{"line":59,"column":6},"end":{"line":59,"column":18}},"31":{"start":{"line":8,"column":13},"end":{"line":62,"column":null}},"32":{"start":{"line":8,"column":13},"end":{"line":8,"column":27}}},"fnMap":{"0":{"name":"(anonymous_2)","decl":{"start":{"line":11,"column":2},"end":{"line":11,"column":22}},"loc":{"start":{"line":11,"column":50},"end":{"line":13,"column":3}}},"1":{"name":"(anonymous_3)","decl":{"start":{"line":15,"column":9},"end":{"line":15,"column":14}},"loc":{"start":{"line":15,"column":54},"end":{"line":24,"column":3}}},"2":{"name":"(anonymous_4)","decl":{"start":{"line":26,"column":9},"end":{"line":26,"column":14}},"loc":{"start":{"line":26,"column":52},"end":{"line":35,"column":3}}},"3":{"name":"(anonymous_5)","decl":{"start":{"line":37,"column":9},"end":{"line":37,"column":14}},"loc":{"start":{"line":37,"column":53},"end":{"line":61,"column":3}}},"4":{"name":"(anonymous_6)","decl":{"start":{"line":49,"column":23},"end":{"line":49,"column":24}},"loc":{"start":{"line":49,"column":35},"end":{"line":54,"column":11}}}},"branchMap":{"0":{"loc":{"start":{"line":48,"column":45},"end":{"line":55,"column":12}},"type":"cond-expr","locations":[{"start":{"line":49,"column":10},"end":{"line":54,"column":12}},{"start":{"line":55,"column":10},"end":{"line":55,"column":12}}]}},"s":{"0":8,"1":8,"2":8,"3":8,"4":8,"5":8,"6":8,"7":18,"8":18,"9":2,"10":2,"11":2,"12":1,"13":1,"14":1,"15":2,"16":2,"17":2,"18":1,"19":1,"20":1,"21":3,"22":3,"23":3,"24":3,"25":2,"26":2,"27":1,"28":2,"29":1,"30":1,"31":8,"32":8},"f":{"0":18,"1":2,"2":2,"3":3,"4":1},"b":{"0":[1,1]}}
,"/Users/juandimartino/Desktop/Falabella/retry-engine-v2/src/database/schemas/configuration.schema.ts": {"path":"/Users/juandimartino/Desktop/Falabella/retry-engine-v2/src/database/schemas/configuration.schema.ts","statementMap":{"0":{"start":{"line":1,"column":0},"end":{"line":1,"column":63}},"1":{"start":{"line":3,"column":0},"end":{"line":3,"column":44}},"2":{"start":{"line":10,"column":7},"end":{"line":26,"column":null}},"3":{"start":{"line":11,"column":2},"end":{"line":12,"column":null}},"4":{"start":{"line":14,"column":2},"end":{"line":15,"column":null}},"5":{"start":{"line":17,"column":2},"end":{"line":18,"column":null}},"6":{"start":{"line":20,"column":2},"end":{"line":25,"column":null}},"7":{"start":{"line":10,"column":13},"end":{"line":26,"column":null}},"8":{"start":{"line":10,"column":13},"end":{"line":10,"column":26}},"9":{"start":{"line":28,"column":13},"end":{"line":28,"column":79}}},"fnMap":{},"branchMap":{},"s":{"0":8,"1":8,"2":8,"3":8,"4":8,"5":8,"6":8,"7":8,"8":8,"9":8},"f":{},"b":{}}
,"/Users/juandimartino/Desktop/Falabella/retry-engine-v2/src/database/schemas/transaction-log.schema.ts": {"path":"/Users/juandimartino/Desktop/Falabella/retry-engine-v2/src/database/schemas/transaction-log.schema.ts","statementMap":{"0":{"start":{"line":1,"column":0},"end":{"line":1,"column":63}},"1":{"start":{"line":3,"column":0},"end":{"line":3,"column":44}},"2":{"start":{"line":10,"column":7},"end":{"line":67,"column":null}},"3":{"start":{"line":11,"column":2},"end":{"line":15,"column":null}},"4":{"start":{"line":17,"column":2},"end":{"line":18,"column":null}},"5":{"start":{"line":20,"column":2},"end":{"line":21,"column":null}},"6":{"start":{"line":23,"column":2},"end":{"line":24,"column":null}},"7":{"start":{"line":26,"column":2},"end":{"line":27,"column":null}},"8":{"start":{"line":29,"column":2},"end":{"line":30,"column":null}},"9":{"start":{"line":32,"column":2},"end":{"line":33,"column":null}},"10":{"start":{"line":35,"column":2},"end":{"line":36,"column":null}},"11":{"start":{"line":38,"column":2},"end":{"line":39,"column":null}},"12":{"start":{"line":41,"column":2},"end":{"line":42,"column":null}},"13":{"start":{"line":44,"column":2},"end":{"line":45,"column":null}},"14":{"start":{"line":47,"column":2},"end":{"line":48,"column":null}},"15":{"start":{"line":50,"column":2},"end":{"line":51,"column":null}},"16":{"start":{"line":53,"column":2},"end":{"line":54,"column":null}},"17":{"start":{"line":56,"column":2},"end":{"line":57,"column":null}},"18":{"start":{"line":59,"column":2},"end":{"line":60,"column":null}},"19":{"start":{"line":62,"column":2},"end":{"line":63,"column":null}},"20":{"start":{"line":65,"column":2},"end":{"line":66,"column":null}},"21":{"start":{"line":10,"column":13},"end":{"line":67,"column":null}},"22":{"start":{"line":10,"column":13},"end":{"line":10,"column":27}},"23":{"start":{"line":69,"column":13},"end":{"line":70,"column":47}}},"fnMap":{},"branchMap":{},"s":{"0":5,"1":5,"2":5,"3":5,"4":5,"5":5,"6":5,"7":5,"8":5,"9":5,"10":5,"11":5,"12":5,"13":5,"14":5,"15":5,"16":5,"17":5,"18":5,"19":5,"20":5,"21":5,"22":5,"23":5},"f":{},"b":{}}
,"/Users/juandimartino/Desktop/Falabella/retry-engine-v2/src/logger/initializer.ts": {"path":"/Users/juandimartino/Desktop/Falabella/retry-engine-v2/src/logger/initializer.ts","statementMap":{"0":{"start":{"line":3,"column":0},"end":{"line":3,"column":64}},"1":{"start":{"line":4,"column":0},"end":{"line":4,"column":null}},"2":{"start":{"line":16,"column":4},"end":{"line":16,"column":32}},"3":{"start":{"line":24,"column":66},"end":{"line":24,"column":70}},"4":{"start":{"line":25,"column":22},"end":{"line":25,"column":48}},"5":{"start":{"line":26,"column":4},"end":{"line":26,"column":40}},"6":{"start":{"line":27,"column":4},"end":{"line":27,"column":49}},"7":{"start":{"line":28,"column":4},"end":{"line":28,"column":40}},"8":{"start":{"line":10,"column":0},"end":{"line":10,"column":13}}},"fnMap":{"0":{"name":"(anonymous_0)","decl":{"start":{"line":15,"column":9},"end":{"line":15,"column":15}},"loc":{"start":{"line":15,"column":44},"end":{"line":17,"column":3}}},"1":{"name":"(anonymous_1)","decl":{"start":{"line":23,"column":9},"end":{"line":23,"column":15}},"loc":{"start":{"line":23,"column":88},"end":{"line":30,"column":3}}}},"branchMap":{},"s":{"0":1,"1":1,"2":1,"3":1,"4":1,"5":1,"6":1,"7":1,"8":1},"f":{"0":1,"1":1},"b":{}}
,"/Users/juandimartino/Desktop/Falabella/retry-engine-v2/src/logger/logger.service.ts": {"path":"/Users/juandimartino/Desktop/Falabella/retry-engine-v2/src/logger/logger.service.ts","statementMap":{"0":{"start":{"line":1,"column":0},"end":{"line":1,"column":58}},"1":{"start":{"line":14,"column":4},"end":{"line":14,"column":25}},"2":{"start":{"line":15,"column":4},"end":{"line":15,"column":46}},"3":{"start":{"line":19,"column":4},"end":{"line":19,"column":70}},"4":{"start":{"line":23,"column":4},"end":{"line":23,"column":70}},"5":{"start":{"line":32,"column":4},"end":{"line":35,"column":7}},"6":{"start":{"line":39,"column":4},"end":{"line":47,"column":6}},"7":{"start":{"line":9,"column":0},"end":{"line":9,"column":13}}},"fnMap":{"0":{"name":"(anonymous_0)","decl":{"start":{"line":13,"column":2},"end":{"line":13,"column":14}},"loc":{"start":{"line":13,"column":28},"end":{"line":16,"column":3}}},"1":{"name":"(anonymous_1)","decl":{"start":{"line":18,"column":9},"end":{"line":18,"column":13}},"loc":{"start":{"line":18,"column":64},"end":{"line":20,"column":3}}},"2":{"name":"(anonymous_2)","decl":{"start":{"line":22,"column":9},"end":{"line":22,"column":13}},"loc":{"start":{"line":22,"column":64},"end":{"line":24,"column":3}}},"3":{"name":"(anonymous_3)","decl":{"start":{"line":26,"column":9},"end":{"line":26,"column":14}},"loc":{"start":{"line":30,"column":17},"end":{"line":36,"column":3}}},"4":{"name":"(anonymous_4)","decl":{"start":{"line":38,"column":10},"end":{"line":38,"column":18}},"loc":{"start":{"line":38,"column":68},"end":{"line":48,"column":3}}}},"branchMap":{"0":{"loc":{"start":{"line":44,"column":8},"end":{"line":46,"column":19}},"type":"cond-expr","locations":[{"start":{"line":45,"column":12},"end":{"line":45,"column":46}},{"start":{"line":46,"column":12},"end":{"line":46,"column":19}}]}},"s":{"0":14,"1":81,"2":81,"3":111,"4":1,"5":47,"6":159,"7":14},"f":{"0":81,"1":111,"2":1,"3":47,"4":159},"b":{"0":[28,131]}}
,"/Users/juandimartino/Desktop/Falabella/retry-engine-v2/src/mongo-configuration/configuration.controller.ts": {"path":"/Users/juandimartino/Desktop/Falabella/retry-engine-v2/src/mongo-configuration/configuration.controller.ts","statementMap":{"0":{"start":{"line":1,"column":0},"end":{"line":1,"column":null}},"1":{"start":{"line":11,"column":0},"end":{"line":11,"column":63}},"2":{"start":{"line":12,"column":0},"end":{"line":12,"column":42}},"3":{"start":{"line":13,"column":0},"end":{"line":13,"column":80}},"4":{"start":{"line":15,"column":0},"end":{"line":15,"column":68}},"5":{"start":{"line":19,"column":7},"end":{"line":41,"column":null}},"6":{"start":{"line":20,"column":31},"end":{"line":20,"column":40}},"7":{"start":{"line":24,"column":4},"end":{"line":24,"column":35}},"8":{"start":{"line":29,"column":40},"end":{"line":29,"column":75}},"9":{"start":{"line":30,"column":4},"end":{"line":33,"column":7}},"10":{"start":{"line":38,"column":46},"end":{"line":38,"column":75}},"11":{"start":{"line":39,"column":4},"end":{"line":39,"column":20}},"12":{"start":{"line":23,"column":8},"end":{"line":25,"column":null}},"13":{"start":{"line":28,"column":8},"end":{"line":34,"column":null}},"14":{"start":{"line":37,"column":8},"end":{"line":40,"column":null}},"15":{"start":{"line":19,"column":13},"end":{"line":41,"column":null}},"16":{"start":{"line":19,"column":13},"end":{"line":19,"column":36}}},"fnMap":{"0":{"name":"(anonymous_4)","decl":{"start":{"line":20,"column":2},"end":{"line":20,"column":31}},"loc":{"start":{"line":20,"column":60},"end":{"line":20,"column":64}}},"1":{"name":"(anonymous_5)","decl":{"start":{"line":23,"column":2},"end":{"line":23,"column":7}},"loc":{"start":{"line":23,"column":44},"end":{"line":25,"column":3}}},"2":{"name":"(anonymous_6)","decl":{"start":{"line":28,"column":2},"end":{"line":28,"column":7}},"loc":{"start":{"line":28,"column":57},"end":{"line":34,"column":3}}},"3":{"name":"(anonymous_7)","decl":{"start":{"line":37,"column":2},"end":{"line":37,"column":7}},"loc":{"start":{"line":37,"column":31},"end":{"line":40,"column":3}}}},"branchMap":{},"s":{"0":2,"1":2,"2":2,"3":2,"4":2,"5":2,"6":7,"7":1,"8":1,"9":1,"10":1,"11":1,"12":2,"13":2,"14":2,"15":2,"16":2},"f":{"0":7,"1":1,"2":1,"3":1},"b":{}}
,"/Users/juandimartino/Desktop/Falabella/retry-engine-v2/src/mongo-configuration/configuration.module.ts": {"path":"/Users/juandimartino/Desktop/Falabella/retry-engine-v2/src/mongo-configuration/configuration.module.ts","statementMap":{"0":{"start":{"line":1,"column":0},"end":{"line":1,"column":40}},"1":{"start":{"line":2,"column":0},"end":{"line":2,"column":69}},"2":{"start":{"line":3,"column":0},"end":{"line":3,"column":77}},"3":{"start":{"line":4,"column":0},"end":{"line":4,"column":63}},"4":{"start":{"line":10,"column":7},"end":{"line":10,"column":null}},"5":{"start":{"line":10,"column":13},"end":{"line":10,"column":null}},"6":{"start":{"line":10,"column":13},"end":{"line":10,"column":32}}},"fnMap":{},"branchMap":{},"s":{"0":1,"1":1,"2":1,"3":1,"4":1,"5":1,"6":1},"f":{},"b":{}}
,"/Users/juandimartino/Desktop/Falabella/retry-engine-v2/src/mongo-configuration/configuration.service.ts": {"path":"/Users/juandimartino/Desktop/Falabella/retry-engine-v2/src/mongo-configuration/configuration.service.ts","statementMap":{"0":{"start":{"line":1,"column":0},"end":{"line":1,"column":57}},"1":{"start":{"line":2,"column":0},"end":{"line":2,"column":41}},"2":{"start":{"line":3,"column":0},"end":{"line":3,"column":44}},"3":{"start":{"line":4,"column":0},"end":{"line":4,"column":77}},"4":{"start":{"line":5,"column":0},"end":{"line":5,"column":null}},"5":{"start":{"line":11,"column":7},"end":{"line":79,"column":null}},"6":{"start":{"line":14,"column":31},"end":{"line":14,"column":47}},"7":{"start":{"line":15,"column":4},"end":{"line":15,"column":59}},"8":{"start":{"line":16,"column":4},"end":{"line":17,"column":62}},"9":{"start":{"line":20,"column":4},"end":{"line":37,"column":null}},"10":{"start":{"line":21,"column":6},"end":{"line":25,"column":8}},"11":{"start":{"line":26,"column":6},"end":{"line":29,"column":9}},"12":{"start":{"line":31,"column":6},"end":{"line":35,"column":8}},"13":{"start":{"line":36,"column":6},"end":{"line":36,"column":18}},"14":{"start":{"line":40,"column":4},"end":{"line":57,"column":null}},"15":{"start":{"line":41,"column":6},"end":{"line":45,"column":8}},"16":{"start":{"line":46,"column":6},"end":{"line":49,"column":9}},"17":{"start":{"line":51,"column":6},"end":{"line":55,"column":8}},"18":{"start":{"line":56,"column":6},"end":{"line":56,"column":18}},"19":{"start":{"line":60,"column":4},"end":{"line":77,"column":null}},"20":{"start":{"line":61,"column":6},"end":{"line":65,"column":8}},"21":{"start":{"line":66,"column":6},"end":{"line":69,"column":9}},"22":{"start":{"line":71,"column":6},"end":{"line":75,"column":8}},"23":{"start":{"line":76,"column":6},"end":{"line":76,"column":18}},"24":{"start":{"line":11,"column":13},"end":{"line":79,"column":null}},"25":{"start":{"line":11,"column":13},"end":{"line":11,"column":33}}},"fnMap":{"0":{"name":"(anonymous_2)","decl":{"start":{"line":14,"column":2},"end":{"line":14,"column":31}},"loc":{"start":{"line":14,"column":61},"end":{"line":18,"column":3}}},"1":{"name":"(anonymous_3)","decl":{"start":{"line":19,"column":9},"end":{"line":19,"column":14}},"loc":{"start":{"line":19,"column":44},"end":{"line":38,"column":3}}},"2":{"name":"(anonymous_4)","decl":{"start":{"line":39,"column":9},"end":{"line":39,"column":14}},"loc":{"start":{"line":39,"column":31},"end":{"line":58,"column":3}}},"3":{"name":"(anonymous_5)","decl":{"start":{"line":59,"column":9},"end":{"line":59,"column":14}},"loc":{"start":{"line":59,"column":30},"end":{"line":78,"column":3}}}},"branchMap":{},"s":{"0":7,"1":7,"2":7,"3":7,"4":7,"5":7,"6":13,"7":13,"8":13,"9":2,"10":2,"11":2,"12":1,"13":1,"14":2,"15":2,"16":2,"17":1,"18":1,"19":2,"20":2,"21":2,"22":1,"23":1,"24":7,"25":7},"f":{"0":13,"1":2,"2":2,"3":2},"b":{}}
,"/Users/juandimartino/Desktop/Falabella/retry-engine-v2/src/mongo-configuration/dtos/index.ts": {"path":"/Users/juandimartino/Desktop/Falabella/retry-engine-v2/src/mongo-configuration/dtos/index.ts","statementMap":{"0":{"start":{"line":1,"column":0},"end":{"line":1,"column":9}},"1":{"start":{"line":1,"column":9},"end":{"line":1,"column":55}}},"fnMap":{"0":{"name":"(anonymous_0)","decl":{"start":{"line":1,"column":9},"end":{"line":1,"column":25}},"loc":{"start":{"line":1,"column":9},"end":{"line":1,"column":55}}}},"branchMap":{},"s":{"0":4,"1":13},"f":{"0":9},"b":{}}
,"/Users/juandimartino/Desktop/Falabella/retry-engine-v2/src/mongo-configuration/mapper/configuration.mapper.ts": {"path":"/Users/juandimartino/Desktop/Falabella/retry-engine-v2/src/mongo-configuration/mapper/configuration.mapper.ts","statementMap":{"0":{"start":{"line":3,"column":0},"end":{"line":3,"column":13}},"1":{"start":{"line":4,"column":16},"end":{"line":11,"column":4}},"2":{"start":{"line":5,"column":36},"end":{"line":5,"column":38}},"3":{"start":{"line":6,"column":4},"end":{"line":6,"column":66}},"4":{"start":{"line":6,"column":27},"end":{"line":6,"column":66}},"5":{"start":{"line":7,"column":4},"end":{"line":7,"column":65}},"6":{"start":{"line":7,"column":30},"end":{"line":7,"column":65}},"7":{"start":{"line":8,"column":4},"end":{"line":8,"column":60}},"8":{"start":{"line":8,"column":25},"end":{"line":8,"column":60}},"9":{"start":{"line":9,"column":4},"end":{"line":9,"column":63}},"10":{"start":{"line":9,"column":26},"end":{"line":9,"column":63}},"11":{"start":{"line":10,"column":4},"end":{"line":10,"column":20}}},"fnMap":{"0":{"name":"(anonymous_0)","decl":{"start":{"line":4,"column":28},"end":{"line":4,"column":29}},"loc":{"start":{"line":4,"column":60},"end":{"line":11,"column":3}}}},"branchMap":{"0":{"loc":{"start":{"line":6,"column":4},"end":{"line":6,"column":66}},"type":"if","locations":[{"start":{"line":6,"column":4},"end":{"line":6,"column":66}}]},"1":{"loc":{"start":{"line":7,"column":4},"end":{"line":7,"column":65}},"type":"if","locations":[{"start":{"line":7,"column":4},"end":{"line":7,"column":65}}]},"2":{"loc":{"start":{"line":8,"column":4},"end":{"line":8,"column":60}},"type":"if","locations":[{"start":{"line":8,"column":4},"end":{"line":8,"column":60}}]},"3":{"loc":{"start":{"line":9,"column":4},"end":{"line":9,"column":63}},"type":"if","locations":[{"start":{"line":9,"column":4},"end":{"line":9,"column":63}}]}},"s":{"0":3,"1":3,"2":2,"3":2,"4":2,"5":2,"6":1,"7":2,"8":2,"9":2,"10":1,"11":2},"f":{"0":2},"b":{"0":[2],"1":[1],"2":[2],"3":[1]}}
,"/Users/juandimartino/Desktop/Falabella/retry-engine-v2/src/mongo-configuration/middlewares/check.country.middleware.ts": {"path":"/Users/juandimartino/Desktop/Falabella/retry-engine-v2/src/mongo-configuration/middlewares/check.country.middleware.ts","statementMap":{"0":{"start":{"line":1,"column":0},"end":{"line":1,"column":null}},"1":{"start":{"line":8,"column":0},"end":{"line":8,"column":47}},"2":{"start":{"line":12,"column":7},"end":{"line":28,"column":null}},"3":{"start":{"line":13,"column":22},"end":{"line":13,"column":37}},"4":{"start":{"line":18,"column":26},"end":{"line":19,"column":null}},"5":{"start":{"line":21,"column":26},"end":{"line":21,"column":77}},"6":{"start":{"line":22,"column":4},"end":{"line":23,"column":64}},"7":{"start":{"line":23,"column":6},"end":{"line":23,"column":64}},"8":{"start":{"line":24,"column":4},"end":{"line":25,"column":66}},"9":{"start":{"line":25,"column":6},"end":{"line":25,"column":66}},"10":{"start":{"line":26,"column":4},"end":{"line":26,"column":25}},"11":{"start":{"line":12,"column":13},"end":{"line":28,"column":null}},"12":{"start":{"line":12,"column":13},"end":{"line":12,"column":35}}},"fnMap":{"0":{"name":"(anonymous_2)","decl":{"start":{"line":13,"column":2},"end":{"line":13,"column":22}},"loc":{"start":{"line":13,"column":50},"end":{"line":13,"column":54}}},"1":{"name":"(anonymous_3)","decl":{"start":{"line":14,"column":2},"end":{"line":14,"column":11}},"loc":{"start":{"line":16,"column":21},"end":{"line":27,"column":3}}}},"branchMap":{"0":{"loc":{"start":{"line":18,"column":26},"end":{"line":19,"column":null}},"type":"cond-expr","locations":[{"start":{"line":18,"column":70},"end":{"line":18,"column":null}},{"start":{"line":18,"column":70},"end":{"line":19,"column":null}}]},"1":{"loc":{"start":{"line":18,"column":26},"end":{"line":18,"column":null}},"type":"binary-expr","locations":[{"start":{"line":18,"column":26},"end":{"line":18,"column":null}},{"start":{"line":18,"column":70},"end":{"line":18,"column":null}}]},"2":{"loc":{"start":{"line":18,"column":26},"end":{"line":18,"column":70}},"type":"cond-expr","locations":[{"start":{"line":18,"column":61},"end":{"line":18,"column":63}},{"start":{"line":18,"column":61},"end":{"line":18,"column":70}}]},"3":{"loc":{"start":{"line":18,"column":26},"end":{"line":18,"column":63}},"type":"binary-expr","locations":[{"start":{"line":18,"column":26},"end":{"line":18,"column":63}},{"start":{"line":18,"column":61},"end":{"line":18,"column":63}}]},"4":{"loc":{"start":{"line":22,"column":4},"end":{"line":23,"column":64}},"type":"if","locations":[{"start":{"line":22,"column":4},"end":{"line":23,"column":64}}]},"5":{"loc":{"start":{"line":24,"column":4},"end":{"line":25,"column":66}},"type":"if","locations":[{"start":{"line":24,"column":4},"end":{"line":25,"column":66}}]}},"s":{"0":3,"1":3,"2":3,"3":12,"4":4,"5":4,"6":4,"7":2,"8":2,"9":1,"10":1,"11":3,"12":3},"f":{"0":12,"1":4},"b":{"0":[1,3],"1":[4,4],"2":[0,4],"3":[4,4],"4":[2],"5":[1]}}
,"/Users/juandimartino/Desktop/Falabella/retry-engine-v2/src/schemas/app.schema.ts": {"path":"/Users/juandimartino/Desktop/Falabella/retry-engine-v2/src/schemas/app.schema.ts","statementMap":{"0":{"start":{"line":1,"column":0},"end":{"line":1,"column":33}},"1":{"start":{"line":4,"column":13},"end":{"line":23,"column":3}}},"fnMap":{},"branchMap":{},"s":{"0":1,"1":1},"f":{},"b":{}}
,"/Users/juandimartino/Desktop/Falabella/retry-engine-v2/src/schemas/index.ts": {"path":"/Users/juandimartino/Desktop/Falabella/retry-engine-v2/src/schemas/index.ts","statementMap":{"0":{"start":{"line":2,"column":0},"end":{"line":2,"column":46}}},"fnMap":{},"branchMap":{},"s":{"0":1},"f":{},"b":{}}
,"/Users/juandimartino/Desktop/Falabella/retry-engine-v2/src/tbk-mall/tbk-mall.module.ts": {"path":"/Users/juandimartino/Desktop/Falabella/retry-engine-v2/src/tbk-mall/tbk-mall.module.ts","statementMap":{"0":{"start":{"line":1,"column":0},"end":{"line":1,"column":40}},"1":{"start":{"line":2,"column":0},"end":{"line":2,"column":54}},"2":{"start":{"line":7,"column":7},"end":{"line":7,"column":null}},"3":{"start":{"line":7,"column":13},"end":{"line":7,"column":null}},"4":{"start":{"line":7,"column":13},"end":{"line":7,"column":26}}},"fnMap":{},"branchMap":{},"s":{"0":1,"1":1,"2":1,"3":1,"4":1},"f":{},"b":{}}
,"/Users/juandimartino/Desktop/Falabella/retry-engine-v2/src/tbk-mall/tbk-mall.service.ts": {"path":"/Users/juandimartino/Desktop/Falabella/retry-engine-v2/src/tbk-mall/tbk-mall.service.ts","statementMap":{"0":{"start":{"line":1,"column":0},"end":{"line":1,"column":57}},"1":{"start":{"line":2,"column":0},"end":{"line":2,"column":41}},"2":{"start":{"line":3,"column":0},"end":{"line":3,"column":54}},"3":{"start":{"line":4,"column":0},"end":{"line":4,"column":63}},"4":{"start":{"line":5,"column":0},"end":{"line":5,"column":47}},"5":{"start":{"line":7,"column":7},"end":{"line":80,"column":null}},"6":{"start":{"line":11,"column":21},"end":{"line":11,"column":35}},"7":{"start":{"line":12,"column":21},"end":{"line":12,"column":36}},"8":{"start":{"line":18,"column":9},"end":{"line":47,"column":4}},"9":{"start":{"line":19,"column":4},"end":{"line":46,"column":null}},"10":{"start":{"line":21,"column":8},"end":{"line":21,"column":67}},"11":{"start":{"line":22,"column":22},"end":{"line":23,"column":null}},"12":{"start":{"line":25,"column":22},"end":{"line":25,"column":71}},"13":{"start":{"line":26,"column":6},"end":{"line":31,"column":8}},"14":{"start":{"line":32,"column":23},"end":{"line":32,"column":65}},"15":{"start":{"line":33,"column":6},"end":{"line":37,"column":8}},"16":{"start":{"line":38,"column":6},"end":{"line":38,"column":48}},"17":{"start":{"line":40,"column":6},"end":{"line":44,"column":8}},"18":{"start":{"line":45,"column":6},"end":{"line":45,"column":18}},"19":{"start":{"line":48,"column":10},"end":{"line":60,"column":4}},"20":{"start":{"line":49,"column":4},"end":{"line":55,"column":null}},"21":{"start":{"line":54,"column":6},"end":{"line":54,"column":36}},"22":{"start":{"line":56,"column":4},"end":{"line":59,"column":7}},"23":{"start":{"line":61,"column":10},"end":{"line":79,"column":4}},"24":{"start":{"line":62,"column":43},"end":{"line":62,"column":47}},"25":{"start":{"line":63,"column":4},"end":{"line":78,"column":6}},"26":{"start":{"line":14,"column":4},"end":{"line":14,"column":59}},"27":{"start":{"line":15,"column":4},"end":{"line":15,"column":68}},"28":{"start":{"line":7,"column":13},"end":{"line":80,"column":null}},"29":{"start":{"line":7,"column":13},"end":{"line":7,"column":27}}},"fnMap":{"0":{"name":"(anonymous_2)","decl":{"start":{"line":10,"column":2},"end":{"line":10,"column":null}},"loc":{"start":{"line":12,"column":49},"end":{"line":16,"column":3}}},"1":{"name":"(anonymous_3)","decl":{"start":{"line":18,"column":38},"end":{"line":18,"column":43}},"loc":{"start":{"line":18,"column":75},"end":{"line":47,"column":3}}},"2":{"name":"(anonymous_4)","decl":{"start":{"line":48,"column":26},"end":{"line":48,"column":27}},"loc":{"start":{"line":48,"column":49},"end":{"line":60,"column":3}}},"3":{"name":"(anonymous_5)","decl":{"start":{"line":61,"column":25},"end":{"line":61,"column":26}},"loc":{"start":{"line":61,"column":44},"end":{"line":79,"column":3}}}},"branchMap":{"0":{"loc":{"start":{"line":49,"column":4},"end":{"line":55,"column":null}},"type":"if","locations":[{"start":{"line":49,"column":4},"end":{"line":55,"column":null}}]},"1":{"loc":{"start":{"line":50,"column":6},"end":{"line":52,"column":26}},"type":"binary-expr","locations":[{"start":{"line":50,"column":6},"end":{"line":50,"column":29}},{"start":{"line":51,"column":6},"end":{"line":51,"column":34}},{"start":{"line":52,"column":6},"end":{"line":52,"column":26}}]}},"s":{"0":5,"1":5,"2":5,"3":5,"4":5,"5":5,"6":9,"7":9,"8":9,"9":3,"10":3,"11":3,"12":3,"13":3,"14":3,"15":2,"16":2,"17":2,"18":2,"19":9,"20":2,"21":1,"22":1,"23":9,"24":3,"25":3,"26":9,"27":9,"28":5,"29":5},"f":{"0":9,"1":3,"2":2,"3":3},"b":{"0":[1],"1":[2,1,1]}}
,"/Users/juandimartino/Desktop/Falabella/retry-engine-v2/src/utils/allowed-to-retry.ts": {"path":"/Users/juandimartino/Desktop/Falabella/retry-engine-v2/src/utils/allowed-to-retry.ts","statementMap":{"0":{"start":{"line":1,"column":23},"end":{"line":12,"column":1}},"1":{"start":{"line":7,"column":35},"end":{"line":7,"column":72}},"2":{"start":{"line":7,"column":59},"end":{"line":7,"column":71}},"3":{"start":{"line":8,"column":2},"end":{"line":11,"column":4}},"4":{"start":{"line":14,"column":0},"end":{"line":14,"column":30}}},"fnMap":{"0":{"name":"(anonymous_0)","decl":{"start":{"line":1,"column":23},"end":{"line":1,"column":null}},"loc":{"start":{"line":6,"column":13},"end":{"line":12,"column":1}}},"1":{"name":"(anonymous_1)","decl":{"start":{"line":7,"column":49},"end":{"line":7,"column":50}},"loc":{"start":{"line":7,"column":59},"end":{"line":7,"column":71}}}},"branchMap":{"0":{"loc":{"start":{"line":9,"column":4},"end":{"line":10,"column":37}},"type":"binary-expr","locations":[{"start":{"line":9,"column":4},"end":{"line":9,"column":51}},{"start":{"line":10,"column":4},"end":{"line":10,"column":37}}]},"1":{"loc":{"start":{"line":9,"column":28},"end":{"line":9,"column":50}},"type":"cond-expr","locations":[{"start":{"line":9,"column":38},"end":{"line":9,"column":40}},{"start":{"line":9,"column":28},"end":{"line":9,"column":50}}]},"2":{"loc":{"start":{"line":9,"column":28},"end":{"line":9,"column":40}},"type":"binary-expr","locations":[{"start":{"line":9,"column":28},"end":{"line":9,"column":40}},{"start":{"line":9,"column":28},"end":{"line":9,"column":40}}]}},"s":{"0":5,"1":10,"2":23,"3":9,"4":5},"f":{"0":10,"1":23},"b":{"0":[9,8],"1":[4,5],"2":[9,9]}}
,"/Users/juandimartino/Desktop/Falabella/retry-engine-v2/src/utils/build-error.ts": {"path":"/Users/juandimartino/Desktop/Falabella/retry-engine-v2/src/utils/build-error.ts","statementMap":{"0":{"start":{"line":3,"column":19},"end":{"line":9,"column":1}},"1":{"start":{"line":4,"column":26},"end":{"line":4,"column":28}},"2":{"start":{"line":5,"column":2},"end":{"line":5,"column":49}},"3":{"start":{"line":5,"column":20},"end":{"line":5,"column":49}},"4":{"start":{"line":6,"column":2},"end":{"line":6,"column":74}},"5":{"start":{"line":6,"column":32},"end":{"line":6,"column":74}},"6":{"start":{"line":7,"column":2},"end":{"line":7,"column":72}},"7":{"start":{"line":8,"column":2},"end":{"line":8,"column":18}},"8":{"start":{"line":11,"column":0},"end":{"line":11,"column":26}}},"fnMap":{"0":{"name":"(anonymous_0)","decl":{"start":{"line":3,"column":19},"end":{"line":3,"column":20}},"loc":{"start":{"line":3,"column":48},"end":{"line":9,"column":1}}}},"branchMap":{"0":{"loc":{"start":{"line":3,"column":20},"end":{"line":3,"column":37}},"type":"default-arg","locations":[{"start":{"line":3,"column":35},"end":{"line":3,"column":37}}]},"1":{"loc":{"start":{"line":5,"column":2},"end":{"line":5,"column":49}},"type":"if","locations":[{"start":{"line":5,"column":2},"end":{"line":5,"column":49}}]},"2":{"loc":{"start":{"line":6,"column":2},"end":{"line":6,"column":74}},"type":"if","locations":[{"start":{"line":6,"column":2},"end":{"line":6,"column":74}}]},"3":{"loc":{"start":{"line":6,"column":6},"end":{"line":6,"column":30}},"type":"cond-expr","locations":[{"start":{"line":6,"column":22},"end":{"line":6,"column":24}},{"start":{"line":6,"column":22},"end":{"line":6,"column":30}}]},"4":{"loc":{"start":{"line":6,"column":6},"end":{"line":6,"column":24}},"type":"binary-expr","locations":[{"start":{"line":6,"column":6},"end":{"line":6,"column":24}},{"start":{"line":6,"column":22},"end":{"line":6,"column":24}}]},"5":{"loc":{"start":{"line":7,"column":21},"end":{"line":7,"column":71}},"type":"binary-expr","locations":[{"start":{"line":7,"column":21},"end":{"line":7,"column":52}},{"start":{"line":7,"column":56},"end":{"line":7,"column":71}}]},"6":{"loc":{"start":{"line":7,"column":21},"end":{"line":7,"column":52}},"type":"cond-expr","locations":[{"start":{"line":7,"column":43},"end":{"line":7,"column":45}},{"start":{"line":7,"column":43},"end":{"line":7,"column":52}}]},"7":{"loc":{"start":{"line":7,"column":21},"end":{"line":7,"column":45}},"type":"binary-expr","locations":[{"start":{"line":7,"column":21},"end":{"line":7,"column":45}},{"start":{"line":7,"column":43},"end":{"line":7,"column":45}}]},"8":{"loc":{"start":{"line":7,"column":21},"end":{"line":7,"column":43}},"type":"cond-expr","locations":[{"start":{"line":7,"column":37},"end":{"line":7,"column":39}},{"start":{"line":7,"column":37},"end":{"line":7,"column":43}}]},"9":{"loc":{"start":{"line":7,"column":21},"end":{"line":7,"column":39}},"type":"binary-expr","locations":[{"start":{"line":7,"column":21},"end":{"line":7,"column":39}},{"start":{"line":7,"column":37},"end":{"line":7,"column":39}}]}},"s":{"0":6,"1":22,"2":22,"3":7,"4":22,"5":2,"6":22,"7":22,"8":6},"f":{"0":22},"b":{"0":[11],"1":[7],"2":[2],"3":[17,5],"4":[22,22],"5":[22,22],"6":[22,0],"7":[22,22],"8":[17,5],"9":[22,22]}}
,"/Users/juandimartino/Desktop/Falabella/retry-engine-v2/src/utils/build-response.ts": {"path":"/Users/juandimartino/Desktop/Falabella/retry-engine-v2/src/utils/build-response.ts","statementMap":{"0":{"start":{"line":1,"column":0},"end":{"line":1,"column":41}},"1":{"start":{"line":3,"column":22},"end":{"line":7,"column":1}},"2":{"start":{"line":4,"column":29},"end":{"line":4,"column":53}},"3":{"start":{"line":5,"column":14},"end":{"line":5,"column":46}},"4":{"start":{"line":6,"column":2},"end":{"line":6,"column":32}},"5":{"start":{"line":9,"column":0},"end":{"line":9,"column":29}}},"fnMap":{"0":{"name":"(anonymous_0)","decl":{"start":{"line":3,"column":22},"end":{"line":3,"column":23}},"loc":{"start":{"line":3,"column":63},"end":{"line":7,"column":1}}}},"branchMap":{"0":{"loc":{"start":{"line":3,"column":40},"end":{"line":3,"column":54}},"type":"default-arg","locations":[{"start":{"line":3,"column":52},"end":{"line":3,"column":54}}]}},"s":{"0":9,"1":9,"2":3,"3":3,"4":3,"5":9},"f":{"0":3},"b":{"0":[1]}}
,"/Users/juandimartino/Desktop/Falabella/retry-engine-v2/src/utils/build-type-call.ts": {"path":"/Users/juandimartino/Desktop/Falabella/retry-engine-v2/src/utils/build-type-call.ts","statementMap":{"0":{"start":{"line":1,"column":0},"end":{"line":1,"column":41}},"1":{"start":{"line":3,"column":22},"end":{"line":6,"column":1}},"2":{"start":{"line":4,"column":2},"end":{"line":4,"column":71}},"3":{"start":{"line":4,"column":42},"end":{"line":4,"column":71}},"4":{"start":{"line":5,"column":2},"end":{"line":5,"column":43}},"5":{"start":{"line":8,"column":0},"end":{"line":8,"column":29}}},"fnMap":{"0":{"name":"(anonymous_0)","decl":{"start":{"line":3,"column":22},"end":{"line":3,"column":23}},"loc":{"start":{"line":3,"column":57},"end":{"line":6,"column":1}}}},"branchMap":{"0":{"loc":{"start":{"line":4,"column":2},"end":{"line":4,"column":71}},"type":"if","locations":[{"start":{"line":4,"column":2},"end":{"line":4,"column":71}}]}},"s":{"0":5,"1":5,"2":21,"3":8,"4":13,"5":5},"f":{"0":21},"b":{"0":[8]}}
,"/Users/juandimartino/Desktop/Falabella/retry-engine-v2/src/utils/inject-headers.ts": {"path":"/Users/juandimartino/Desktop/Falabella/retry-engine-v2/src/utils/inject-headers.ts","statementMap":{"0":{"start":{"line":1,"column":0},"end":{"line":1,"column":52}},"1":{"start":{"line":2,"column":0},"end":{"line":2,"column":52}},"2":{"start":{"line":4,"column":22},"end":{"line":16,"column":1}},"3":{"start":{"line":5,"column":20},"end":{"line":5,"column":47}},"4":{"start":{"line":6,"column":23},"end":{"line":6,"column":49}},"5":{"start":{"line":7,"column":18},"end":{"line":7,"column":41}},"6":{"start":{"line":8,"column":2},"end":{"line":15,"column":null}},"7":{"start":{"line":9,"column":4},"end":{"line":14,"column":7}},"8":{"start":{"line":10,"column":6},"end":{"line":13,"column":9}},"9":{"start":{"line":11,"column":18},"end":{"line":11,"column":41}},"10":{"start":{"line":12,"column":8},"end":{"line":12,"column":38}},"11":{"start":{"line":12,"column":15},"end":{"line":12,"column":38}},"12":{"start":{"line":18,"column":0},"end":{"line":18,"column":29}}},"fnMap":{"0":{"name":"(anonymous_0)","decl":{"start":{"line":4,"column":22},"end":{"line":4,"column":23}},"loc":{"start":{"line":4,"column":51},"end":{"line":16,"column":1}}},"1":{"name":"(anonymous_1)","decl":{"start":{"line":9,"column":16},"end":{"line":9,"column":19}},"loc":{"start":{"line":9,"column":21},"end":{"line":14,"column":5}}},"2":{"name":"(anonymous_2)","decl":{"start":{"line":10,"column":22},"end":{"line":10,"column":23}},"loc":{"start":{"line":10,"column":28},"end":{"line":13,"column":7}}}},"branchMap":{"0":{"loc":{"start":{"line":8,"column":2},"end":{"line":15,"column":null}},"type":"if","locations":[{"start":{"line":8,"column":2},"end":{"line":15,"column":null}}]},"1":{"loc":{"start":{"line":8,"column":6},"end":{"line":8,"column":30}},"type":"binary-expr","locations":[{"start":{"line":8,"column":6},"end":{"line":8,"column":13}},{"start":{"line":8,"column":17},"end":{"line":8,"column":30}}]},"2":{"loc":{"start":{"line":12,"column":8},"end":{"line":12,"column":38}},"type":"if","locations":[{"start":{"line":12,"column":8},"end":{"line":12,"column":38}}]}},"s":{"0":3,"1":3,"2":3,"3":2,"4":2,"5":2,"6":2,"7":1,"8":1,"9":10,"10":10,"11":1,"12":3},"f":{"0":2,"1":1,"2":10},"b":{"0":[1],"1":[2,1],"2":[1]}}
,"/Users/juandimartino/Desktop/Falabella/retry-engine-v2/src/utils/is-less-than-twenty-four-hours.ts": {"path":"/Users/juandimartino/Desktop/Falabella/retry-engine-v2/src/utils/is-less-than-twenty-four-hours.ts","statementMap":{"0":{"start":{"line":1,"column":34},"end":{"line":5,"column":1}},"1":{"start":{"line":2,"column":24},"end":{"line":2,"column":34}},"2":{"start":{"line":3,"column":2},"end":{"line":3,"column":27}},"3":{"start":{"line":4,"column":2},"end":{"line":4,"column":60}},"4":{"start":{"line":7,"column":0},"end":{"line":7,"column":41}}},"fnMap":{"0":{"name":"(anonymous_0)","decl":{"start":{"line":1,"column":34},"end":{"line":1,"column":35}},"loc":{"start":{"line":1,"column":54},"end":{"line":5,"column":1}}}},"branchMap":{},"s":{"0":5,"1":4,"2":4,"3":4,"4":5},"f":{"0":4},"b":{}}
,"/Users/juandimartino/Desktop/Falabella/retry-engine-v2/src/utils/proxy.service.ts": {"path":"/Users/juandimartino/Desktop/Falabella/retry-engine-v2/src/utils/proxy.service.ts","statementMap":{"0":{"start":{"line":1,"column":0},"end":{"line":1,"column":65}},"1":{"start":{"line":2,"column":0},"end":{"line":2,"column":66}},"2":{"start":{"line":3,"column":0},"end":{"line":3,"column":52}},"3":{"start":{"line":4,"column":0},"end":{"line":4,"column":41}},"4":{"start":{"line":7,"column":7},"end":{"line":43,"column":null}},"5":{"start":{"line":14,"column":2},"end":{"line":42,"column":4}},"6":{"start":{"line":15,"column":4},"end":{"line":41,"column":null}},"7":{"start":{"line":16,"column":6},"end":{"line":16,"column":75}},"8":{"start":{"line":17,"column":23},"end":{"line":17,"column":54}},"9":{"start":{"line":18,"column":6},"end":{"line":23,"column":null}},"10":{"start":{"line":19,"column":8},"end":{"line":22,"column":11}},"11":{"start":{"line":25,"column":8},"end":{"line":27,"column":25}},"12":{"start":{"line":28,"column":6},"end":{"line":32,"column":8}},"13":{"start":{"line":33,"column":6},"end":{"line":33,"column":25}},"14":{"start":{"line":35,"column":6},"end":{"line":39,"column":8}},"15":{"start":{"line":40,"column":6},"end":{"line":40,"column":18}},"16":{"start":{"line":11,"column":4},"end":{"line":11,"column":59}},"17":{"start":{"line":12,"column":4},"end":{"line":12,"column":78}},"18":{"start":{"line":7,"column":13},"end":{"line":43,"column":null}},"19":{"start":{"line":7,"column":13},"end":{"line":7,"column":25}}},"fnMap":{"0":{"name":"(anonymous_2)","decl":{"start":{"line":10,"column":2},"end":{"line":10,"column":null}},"loc":{"start":{"line":10,"column":2},"end":{"line":13,"column":3}}},"1":{"name":"(anonymous_3)","decl":{"start":{"line":14,"column":14},"end":{"line":14,"column":19}},"loc":{"start":{"line":14,"column":48},"end":{"line":42,"column":3}}}},"branchMap":{"0":{"loc":{"start":{"line":18,"column":6},"end":{"line":23,"column":null}},"type":"if","locations":[{"start":{"line":18,"column":6},"end":{"line":23,"column":null}}]},"1":{"loc":{"start":{"line":25,"column":8},"end":{"line":27,"column":25}},"type":"cond-expr","locations":[{"start":{"line":26,"column":12},"end":{"line":26,"column":37}},{"start":{"line":27,"column":12},"end":{"line":27,"column":25}}]}},"s":{"0":7,"1":7,"2":7,"3":7,"4":7,"5":9,"6":4,"7":4,"8":4,"9":3,"10":1,"11":2,"12":2,"13":2,"14":2,"15":2,"16":9,"17":9,"18":7,"19":7},"f":{"0":9,"1":4},"b":{"0":[1],"1":[1,1]}}
,"/Users/juandimartino/Desktop/Falabella/retry-engine-v2/src/utils/set-trace-id.ts": {"path":"/Users/juandimartino/Desktop/Falabella/retry-engine-v2/src/utils/set-trace-id.ts","statementMap":{"0":{"start":{"line":1,"column":19},"end":{"line":3,"column":1}},"1":{"start":{"line":2,"column":2},"end":{"line":2,"column":45}},"2":{"start":{"line":4,"column":0},"end":{"line":4,"column":26}}},"fnMap":{"0":{"name":"(anonymous_0)","decl":{"start":{"line":1,"column":19},"end":{"line":1,"column":20}},"loc":{"start":{"line":1,"column":47},"end":{"line":3,"column":1}}}},"branchMap":{},"s":{"0":3,"1":2,"2":3},"f":{"0":2},"b":{}}
,"/Users/juandimartino/Desktop/Falabella/retry-engine-v2/src/utils/throw-error-if-allowed.ts": {"path":"/Users/juandimartino/Desktop/Falabella/retry-engine-v2/src/utils/throw-error-if-allowed.ts","statementMap":{"0":{"start":{"line":2,"column":0},"end":{"line":2,"column":41}},"1":{"start":{"line":3,"column":26},"end":{"line":5,"column":1}},"2":{"start":{"line":4,"column":2},"end":{"line":4,"column":56}},"3":{"start":{"line":7,"column":28},"end":{"line":25,"column":1}},"4":{"start":{"line":12,"column":2},"end":{"line":24,"column":null}},"5":{"start":{"line":16,"column":28},"end":{"line":22,"column":6}},"6":{"start":{"line":23,"column":4},"end":{"line":23,"column":36}},"7":{"start":{"line":27,"column":0},"end":{"line":27,"column":35}}},"fnMap":{"0":{"name":"(anonymous_0)","decl":{"start":{"line":3,"column":26},"end":{"line":3,"column":27}},"loc":{"start":{"line":3,"column":77},"end":{"line":5,"column":1}}},"1":{"name":"(anonymous_1)","decl":{"start":{"line":7,"column":28},"end":{"line":7,"column":null}},"loc":{"start":{"line":11,"column":20},"end":{"line":25,"column":1}}}},"branchMap":{"0":{"loc":{"start":{"line":9,"column":2},"end":{"line":9,"column":20}},"type":"default-arg","locations":[{"start":{"line":9,"column":18},"end":{"line":9,"column":20}}]},"1":{"loc":{"start":{"line":10,"column":2},"end":{"line":10,"column":42}},"type":"default-arg","locations":[{"start":{"line":10,"column":40},"end":{"line":10,"column":42}}]},"2":{"loc":{"start":{"line":12,"column":2},"end":{"line":24,"column":null}},"type":"if","locations":[{"start":{"line":12,"column":2},"end":{"line":24,"column":null}}]},"3":{"loc":{"start":{"line":13,"column":4},"end":{"line":14,"column":58}},"type":"binary-expr","locations":[{"start":{"line":13,"column":4},"end":{"line":13,"column":51}},{"start":{"line":14,"column":4},"end":{"line":14,"column":58}}]},"4":{"loc":{"start":{"line":17,"column":12},"end":{"line":17,"column":26}},"type":"cond-expr","locations":[{"start":{"line":17,"column":20},"end":{"line":17,"column":22}},{"start":{"line":17,"column":12},"end":{"line":17,"column":26}}]},"5":{"loc":{"start":{"line":17,"column":12},"end":{"line":17,"column":22}},"type":"binary-expr","locations":[{"start":{"line":17,"column":12},"end":{"line":17,"column":22}},{"start":{"line":17,"column":12},"end":{"line":17,"column":22}}]},"6":{"loc":{"start":{"line":18,"column":15},"end":{"line":18,"column":36}},"type":"cond-expr","locations":[{"start":{"line":18,"column":23},"end":{"line":18,"column":25}},{"start":{"line":18,"column":15},"end":{"line":18,"column":36}}]},"7":{"loc":{"start":{"line":18,"column":15},"end":{"line":18,"column":25}},"type":"binary-expr","locations":[{"start":{"line":18,"column":15},"end":{"line":18,"column":25}},{"start":{"line":18,"column":15},"end":{"line":18,"column":25}}]},"8":{"loc":{"start":{"line":20,"column":23},"end":{"line":20,"column":39}},"type":"cond-expr","locations":[{"start":{"line":20,"column":31},"end":{"line":20,"column":33}},{"start":{"line":20,"column":23},"end":{"line":20,"column":39}}]},"9":{"loc":{"start":{"line":20,"column":23},"end":{"line":20,"column":33}},"type":"binary-expr","locations":[{"start":{"line":20,"column":23},"end":{"line":20,"column":33}},{"start":{"line":20,"column":23},"end":{"line":20,"column":33}}]}},"s":{"0":5,"1":5,"2":8,"3":5,"4":16,"5":2,"6":2,"7":5},"f":{"0":8,"1":16},"b":{"0":[2],"1":[6],"2":[2],"3":[16,8],"4":[0,2],"5":[2,2],"6":[0,2],"7":[2,2],"8":[0,2],"9":[2,2]}}
}
