TN:
SF:src/app.controller.ts
FN:5,(anonymous_2)
FN:8,(anonymous_3)
FNF:2
FNH:2
FNDA:1,(anonymous_2)
FNDA:1,(anonymous_3)
DA:1,1
DA:2,1
DA:4,1
DA:5,1
DA:7,1
DA:9,1
LF:6
LH:6
BRF:0
BRH:0
end_of_record
TN:
SF:src/app.service.ts
FN:8,(anonymous_2)
FN:11,(anonymous_3)
FNF:2
FNH:2
FNDA:3,(anonymous_2)
FNDA:1,(anonymous_3)
DA:1,2
DA:2,2
DA:3,2
DA:6,2
DA:8,3
DA:9,3
DA:12,1
DA:15,1
DA:16,1
LF:9
LH:9
BRF:0
BRH:0
end_of_record
TN:
SF:src/base/base.controller.ts
FN:18,(anonymous_4)
FN:24,(anonymous_5)
FNF:2
FNH:2
FNDA:2,(anonymous_4)
FNDA:1,(anonymous_5)
DA:1,2
DA:2,2
DA:9,2
DA:10,2
DA:11,2
DA:12,2
DA:15,2
DA:18,2
DA:19,2
DA:20,2
DA:24,2
DA:25,1
DA:26,1
DA:27,1
DA:28,1
DA:29,1
DA:30,1
DA:31,1
DA:35,0
DA:36,0
DA:38,1
LF:21
LH:19
BRF:0
BRH:0
end_of_record
TN:
SF:src/constants/index.ts
FNF:0
FNH:0
DA:3,18
DA:4,18
DA:5,18
DA:6,18
DA:7,18
DA:8,18
DA:9,18
DA:10,18
DA:11,18
DA:12,18
DA:13,18
DA:14,18
DA:15,18
DA:16,18
DA:17,18
DA:18,18
DA:19,18
DA:20,18
DA:21,18
DA:23,18
DA:31,18
DA:32,18
DA:37,18
DA:42,18
DA:47,18
DA:53,18
DA:74,18
DA:78,18
DA:82,18
LF:29
LH:29
BRF:0
BRH:0
end_of_record
TN:
SF:src/create-transaction/create-transaction.controller.ts
FN:6,(anonymous_2)
FNF:1
FNH:1
FNDA:2,(anonymous_2)
DA:1,2
DA:2,2
DA:3,2
DA:5,2
DA:6,2
DA:7,2
LF:6
LH:6
BRF:0
BRH:0
end_of_record
TN:
SF:src/create-transaction/create-transaction.module.ts
FN:25,(anonymous_1)
FNF:1
FNH:0
FNDA:0,(anonymous_1)
DA:1,1
DA:2,1
DA:3,1
DA:4,1
DA:5,1
DA:6,1
DA:7,1
DA:8,1
DA:9,1
DA:10,1
DA:11,1
DA:26,0
DA:29,0
DA:35,1
LF:14
LH:12
BRF:0
BRH:0
end_of_record
TN:
SF:src/create-transaction/create-transaction.service.ts
FN:30,(anonymous_4)
FN:122,(anonymous_5)
FN:212,(anonymous_6)
FN:374,(anonymous_7)
FN:384,(anonymous_8)
FN:390,(anonymous_9)
FN:407,(anonymous_10)
FN:498,(anonymous_11)
FN:504,(anonymous_12)
FN:516,(anonymous_13)
FN:554,(anonymous_14)
FN:565,(anonymous_15)
FN:43,(anonymous_16)
FN:130,(anonymous_17)
FN:300,(anonymous_18)
FN:334,(anonymous_19)
FN:343,(anonymous_20)
FN:344,(anonymous_21)
FNF:18
FNH:18
FNDA:22,(anonymous_4)
FNDA:9,(anonymous_5)
FNDA:4,(anonymous_6)
FNDA:3,(anonymous_7)
FNDA:5,(anonymous_8)
FNDA:24,(anonymous_9)
FNDA:5,(anonymous_10)
FNDA:1,(anonymous_11)
FNDA:2,(anonymous_12)
FNDA:7,(anonymous_13)
FNDA:3,(anonymous_14)
FNDA:17,(anonymous_15)
FNDA:12,(anonymous_16)
FNDA:6,(anonymous_17)
FNDA:7,(anonymous_18)
FNDA:8,(anonymous_19)
FNDA:5,(anonymous_20)
FNDA:8,(anonymous_21)
DA:3,4
DA:4,4
DA:5,4
DA:6,4
DA:7,4
DA:8,4
DA:10,4
DA:11,4
DA:12,4
DA:13,4
DA:14,4
DA:15,4
DA:16,4
DA:17,4
DA:18,4
DA:19,4
DA:21,4
DA:25,4
DA:27,4
DA:31,22
DA:32,22
DA:33,22
DA:34,22
DA:35,22
DA:36,22
DA:37,22
DA:39,22
DA:40,22
DA:49,12
DA:51,12
DA:52,12
DA:53,12
DA:54,12
DA:55,12
DA:56,12
DA:59,12
DA:62,12
DA:70,12
DA:71,11
DA:75,7
DA:76,7
DA:82,7
DA:84,7
DA:85,7
DA:104,7
DA:106,5
DA:111,5
DA:119,3
DA:122,22
DA:123,9
DA:124,9
DA:125,9
DA:126,7
DA:136,6
DA:137,6
DA:138,6
DA:139,6
DA:140,6
DA:141,6
DA:143,6
DA:144,6
DA:147,6
DA:150,6
DA:151,6
DA:152,6
DA:153,6
DA:154,6
DA:162,6
DA:166,6
DA:170,5
DA:171,5
DA:175,2
DA:176,2
DA:182,2
DA:183,2
DA:193,2
DA:195,4
DA:200,4
DA:209,3
DA:212,22
DA:215,4
DA:216,4
DA:219,4
DA:222,4
DA:224,4
DA:225,4
DA:226,4
DA:227,4
DA:231,4
DA:237,4
DA:239,4
DA:240,3
DA:245,1
DA:250,1
DA:254,1
DA:259,1
DA:263,1
DA:269,1
DA:280,2
DA:286,2
DA:301,7
DA:302,7
DA:303,7
DA:304,7
DA:305,7
DA:307,7
DA:328,7
DA:332,6
DA:333,5
DA:334,5
DA:335,8
DA:340,8
DA:342,5
DA:344,5
DA:345,8
DA:349,5
DA:356,6
DA:362,6
DA:369,1
DA:370,1
DA:374,22
DA:375,3
DA:376,2
DA:384,22
DA:385,5
DA:390,22
DA:391,24
DA:392,24
DA:396,24
DA:398,24
DA:403,24
DA:407,22
DA:408,5
DA:409,5
DA:412,5
DA:416,5
DA:418,5
DA:420,5
DA:426,5
DA:427,3
DA:428,2
DA:433,2
DA:434,2
DA:435,2
DA:436,2
DA:440,2
DA:446,2
DA:466,1
DA:470,1
DA:476,1
DA:498,22
DA:499,1
DA:504,22
DA:506,2
DA:507,2
DA:508,2
DA:509,2
DA:516,22
DA:517,7
DA:518,7
DA:522,7
DA:523,7
DA:524,7
DA:527,7
DA:528,6
DA:529,5
DA:535,5
DA:536,5
DA:537,5
DA:539,1
DA:544,1
DA:546,1
DA:551,1
DA:554,22
DA:559,3
DA:560,1
DA:562,3
DA:565,22
DA:569,17
DA:576,17
DA:577,17
DA:579,1
LF:182
LH:182
BRDA:125,0,0,2
BRDA:224,1,0,4
BRDA:224,1,1,4
BRDA:224,2,0,3
BRDA:224,2,1,1
BRDA:224,3,0,4
BRDA:224,3,1,4
BRDA:224,4,0,3
BRDA:224,4,1,1
BRDA:224,5,0,4
BRDA:224,5,1,4
BRDA:227,6,0,0
BRDA:227,6,1,4
BRDA:240,7,0,1
BRDA:240,7,1,2
BRDA:241,8,0,3
BRDA:241,8,1,2
BRDA:241,8,2,2
BRDA:416,9,0,5
BRDA:416,9,1,4
BRDA:416,10,0,2
BRDA:416,10,1,3
BRDA:416,11,0,5
BRDA:416,11,1,5
BRDA:416,12,0,2
BRDA:416,12,1,2
BRDA:416,13,0,4
BRDA:416,13,1,4
BRDA:426,14,0,3
BRDA:426,14,1,1
BRDA:528,15,0,5
BRDA:535,16,0,5
BRDA:535,16,1,4
BRDA:535,16,2,4
BRDA:535,17,0,3
BRDA:535,17,1,1
BRDA:535,18,0,4
BRDA:535,18,1,4
BRDA:559,19,0,1
BRDA:577,20,0,11
BRDA:57,21,0,12
BRDA:57,21,1,12
BRDA:145,22,0,6
BRDA:145,22,1,6
BRDA:332,23,0,5
BRDA:332,24,0,1
BRDA:332,24,1,5
BRDA:332,25,0,6
BRDA:332,25,1,6
BRDA:345,26,0,3
BRDA:345,26,1,5
BRDA:359,27,0,6
BRDA:359,27,1,3
BRDA:359,28,0,1
BRDA:359,28,1,5
BRDA:359,29,0,6
BRDA:359,29,1,6
BRDA:365,30,0,6
BRDA:365,30,1,2
BRDA:365,31,0,1
BRDA:365,31,1,5
BRDA:365,32,0,6
BRDA:365,32,1,6
BRF:63
BRH:62
end_of_record
TN:
SF:src/create-transaction/dtos/index.ts
FN:1,(anonymous_0)
FN:2,(anonymous_1)
FNF:2
FNH:2
FNDA:9,(anonymous_0)
FNDA:5,(anonymous_1)
DA:1,18
DA:2,14
LF:2
LH:2
BRF:0
BRH:0
end_of_record
TN:
SF:src/create-transaction/mapper/response.mapper.ts
FN:6,(anonymous_0)
FNF:1
FNH:1
FNDA:3,(anonymous_0)
DA:1,5
DA:2,5
DA:3,5
DA:5,5
DA:6,5
DA:7,3
DA:8,3
DA:9,3
DA:10,3
DA:11,3
DA:12,3
DA:13,3
DA:19,3
LF:13
LH:13
BRF:0
BRH:0
end_of_record
TN:
SF:src/create-transaction/mapper/transaction-log.mapper.ts
FN:96,(anonymous_0)
FN:6,(anonymous_1)
FN:65,(anonymous_2)
FN:100,(anonymous_3)
FNF:4
FNH:4
FNDA:14,(anonymous_0)
FNDA:14,(anonymous_1)
FNDA:19,(anonymous_2)
FNDA:33,(anonymous_3)
DA:1,5
DA:2,5
DA:3,5
DA:4,5
DA:5,5
DA:6,5
DA:7,14
DA:8,14
DA:9,14
DA:10,14
DA:11,14
DA:14,14
DA:19,14
DA:22,14
DA:29,14
DA:35,14
DA:41,14
DA:47,14
DA:53,14
DA:58,14
DA:59,14
DA:60,14
DA:61,14
DA:62,14
DA:65,5
DA:66,19
DA:67,19
DA:68,19
DA:69,19
DA:70,19
DA:71,19
DA:72,19
DA:77,19
DA:78,19
DA:81,19
DA:82,19
DA:85,19
DA:86,19
DA:89,19
DA:90,19
DA:91,19
DA:92,19
DA:93,19
DA:97,14
DA:100,5
DA:106,33
DA:110,33
DA:111,33
DA:112,33
DA:113,33
LF:50
LH:50
BRDA:97,0,0,2
BRDA:97,0,1,12
BRDA:89,1,0,9
BRDA:89,1,1,10
BRF:4
BRH:4
end_of_record
TN:
SF:src/cron/cron.service.ts
FN:11,(anonymous_4)
FN:19,(anonymous_5)
FN:21,(anonymous_6)
FNF:3
FNH:3
FNDA:2,(anonymous_4)
FNDA:1,(anonymous_5)
FNDA:1,(anonymous_6)
DA:1,2
DA:2,2
DA:3,2
DA:4,2
DA:5,2
DA:6,2
DA:9,2
DA:12,2
DA:13,2
DA:14,2
DA:16,2
DA:20,1
DA:21,1
DA:22,1
DA:26,1
DA:27,1
DA:29,1
DA:36,1
DA:37,1
LF:19
LH:19
BRF:0
BRH:0
end_of_record
TN:
SF:src/database/initializer.ts
FN:4,(anonymous_1)
FNF:1
FNH:1
FNDA:2,(anonymous_1)
DA:1,1
DA:3,1
DA:5,2
DA:6,2
DA:7,2
DA:9,1
LF:6
LH:6
BRF:0
BRH:0
end_of_record
TN:
SF:src/database/mongodb-service/mongodb-service.ts
FN:11,(anonymous_2)
FN:15,(anonymous_3)
FN:26,(anonymous_4)
FN:37,(anonymous_5)
FN:49,(anonymous_6)
FNF:5
FNH:5
FNDA:18,(anonymous_2)
FNDA:2,(anonymous_3)
FNDA:2,(anonymous_4)
FNDA:3,(anonymous_5)
FNDA:1,(anonymous_6)
DA:1,8
DA:2,8
DA:3,8
DA:4,8
DA:5,8
DA:6,8
DA:8,8
DA:11,18
DA:12,18
DA:16,2
DA:17,2
DA:18,2
DA:19,1
DA:21,1
DA:22,1
DA:27,2
DA:28,2
DA:29,2
DA:30,1
DA:32,1
DA:33,1
DA:38,3
DA:39,3
DA:40,3
DA:43,3
DA:44,2
DA:48,2
DA:50,1
DA:56,2
DA:58,1
DA:59,1
LF:31
LH:31
BRDA:48,0,0,1
BRDA:48,0,1,1
BRF:2
BRH:2
end_of_record
TN:
SF:src/database/schemas/configuration.schema.ts
FNF:0
FNH:0
DA:1,8
DA:3,8
DA:10,8
DA:11,8
DA:14,8
DA:17,8
DA:20,8
DA:28,8
LF:8
LH:8
BRF:0
BRH:0
end_of_record
TN:
SF:src/database/schemas/transaction-log.schema.ts
FNF:0
FNH:0
DA:1,5
DA:3,5
DA:10,5
DA:11,5
DA:17,5
DA:20,5
DA:23,5
DA:26,5
DA:29,5
DA:32,5
DA:35,5
DA:38,5
DA:41,5
DA:44,5
DA:47,5
DA:50,5
DA:53,5
DA:56,5
DA:59,5
DA:62,5
DA:65,5
DA:69,5
LF:22
LH:22
BRF:0
BRH:0
end_of_record
TN:
SF:src/logger/initializer.ts
FN:15,(anonymous_0)
FN:23,(anonymous_1)
FNF:2
FNH:2
FNDA:1,(anonymous_0)
FNDA:1,(anonymous_1)
DA:3,1
DA:4,1
DA:10,1
DA:16,1
DA:24,1
DA:25,1
DA:26,1
DA:27,1
DA:28,1
LF:9
LH:9
BRF:0
BRH:0
end_of_record
TN:
SF:src/logger/logger.service.ts
FN:13,(anonymous_0)
FN:18,(anonymous_1)
FN:22,(anonymous_2)
FN:26,(anonymous_3)
FN:38,(anonymous_4)
FNF:5
FNH:5
FNDA:81,(anonymous_0)
FNDA:111,(anonymous_1)
FNDA:1,(anonymous_2)
FNDA:47,(anonymous_3)
FNDA:159,(anonymous_4)
DA:1,14
DA:9,14
DA:14,81
DA:15,81
DA:19,111
DA:23,1
DA:32,47
DA:39,159
LF:8
LH:8
BRDA:44,0,0,28
BRDA:44,0,1,131
BRF:2
BRH:2
end_of_record
TN:
SF:src/mongo-configuration/configuration.controller.ts
FN:20,(anonymous_4)
FN:23,(anonymous_5)
FN:28,(anonymous_6)
FN:37,(anonymous_7)
FNF:4
FNH:4
FNDA:7,(anonymous_4)
FNDA:1,(anonymous_5)
FNDA:1,(anonymous_6)
FNDA:1,(anonymous_7)
DA:1,2
DA:11,2
DA:12,2
DA:13,2
DA:15,2
DA:19,2
DA:20,7
DA:23,2
DA:24,1
DA:28,2
DA:29,1
DA:30,1
DA:37,2
DA:38,1
DA:39,1
LF:15
LH:15
BRF:0
BRH:0
end_of_record
TN:
SF:src/mongo-configuration/configuration.module.ts
FNF:0
FNH:0
DA:1,1
DA:2,1
DA:3,1
DA:4,1
DA:10,1
LF:5
LH:5
BRF:0
BRH:0
end_of_record
TN:
SF:src/mongo-configuration/configuration.service.ts
FN:14,(anonymous_2)
FN:19,(anonymous_3)
FN:39,(anonymous_4)
FN:59,(anonymous_5)
FNF:4
FNH:4
FNDA:13,(anonymous_2)
FNDA:2,(anonymous_3)
FNDA:2,(anonymous_4)
FNDA:2,(anonymous_5)
DA:1,7
DA:2,7
DA:3,7
DA:4,7
DA:5,7
DA:11,7
DA:14,13
DA:15,13
DA:16,13
DA:20,2
DA:21,2
DA:26,2
DA:31,1
DA:36,1
DA:40,2
DA:41,2
DA:46,2
DA:51,1
DA:56,1
DA:60,2
DA:61,2
DA:66,2
DA:71,1
DA:76,1
LF:24
LH:24
BRF:0
BRH:0
end_of_record
TN:
SF:src/mongo-configuration/dtos/index.ts
FN:1,(anonymous_0)
FNF:1
FNH:1
FNDA:9,(anonymous_0)
DA:1,13
LF:1
LH:1
BRF:0
BRH:0
end_of_record
TN:
SF:src/mongo-configuration/mapper/configuration.mapper.ts
FN:4,(anonymous_0)
FNF:1
FNH:1
FNDA:2,(anonymous_0)
DA:3,3
DA:4,3
DA:5,2
DA:6,2
DA:7,2
DA:8,2
DA:9,2
DA:10,2
LF:8
LH:8
BRDA:6,0,0,2
BRDA:7,1,0,1
BRDA:8,2,0,2
BRDA:9,3,0,1
BRF:4
BRH:4
end_of_record
TN:
SF:src/mongo-configuration/middlewares/check.country.middleware.ts
FN:13,(anonymous_2)
FN:14,(anonymous_3)
FNF:2
FNH:2
FNDA:12,(anonymous_2)
FNDA:4,(anonymous_3)
DA:1,3
DA:8,3
DA:12,3
DA:13,12
DA:18,4
DA:21,4
DA:22,4
DA:23,2
DA:24,2
DA:25,1
DA:26,1
LF:11
LH:11
BRDA:18,0,0,1
BRDA:18,0,1,3
BRDA:18,1,0,4
BRDA:18,1,1,4
BRDA:18,2,0,0
BRDA:18,2,1,4
BRDA:18,3,0,4
BRDA:18,3,1,4
BRDA:22,4,0,2
BRDA:24,5,0,1
BRF:10
BRH:9
end_of_record
TN:
SF:src/schemas/app.schema.ts
FNF:0
FNH:0
DA:1,1
DA:4,1
LF:2
LH:2
BRF:0
BRH:0
end_of_record
TN:
SF:src/schemas/index.ts
FNF:0
FNH:0
DA:2,1
LF:1
LH:1
BRF:0
BRH:0
end_of_record
TN:
SF:src/tbk-mall/tbk-mall.module.ts
FNF:0
FNH:0
DA:1,1
DA:2,1
DA:7,1
LF:3
LH:3
BRF:0
BRH:0
end_of_record
TN:
SF:src/tbk-mall/tbk-mall.service.ts
FN:10,(anonymous_2)
FN:18,(anonymous_3)
FN:48,(anonymous_4)
FN:61,(anonymous_5)
FNF:4
FNH:4
FNDA:9,(anonymous_2)
FNDA:3,(anonymous_3)
FNDA:2,(anonymous_4)
FNDA:3,(anonymous_5)
DA:1,5
DA:2,5
DA:3,5
DA:4,5
DA:5,5
DA:7,5
DA:11,9
DA:12,9
DA:14,9
DA:15,9
DA:18,9
DA:19,3
DA:21,3
DA:22,3
DA:25,3
DA:26,3
DA:32,3
DA:33,2
DA:38,2
DA:40,2
DA:45,2
DA:48,9
DA:49,2
DA:54,1
DA:56,1
DA:61,9
DA:62,3
DA:63,3
LF:28
LH:28
BRDA:49,0,0,1
BRDA:50,1,0,2
BRDA:50,1,1,1
BRDA:50,1,2,1
BRF:4
BRH:4
end_of_record
TN:
SF:src/utils/allowed-to-retry.ts
FN:1,(anonymous_0)
FN:7,(anonymous_1)
FNF:2
FNH:2
FNDA:10,(anonymous_0)
FNDA:23,(anonymous_1)
DA:1,5
DA:7,23
DA:8,9
DA:14,5
LF:4
LH:4
BRDA:9,0,0,9
BRDA:9,0,1,8
BRDA:9,1,0,4
BRDA:9,1,1,5
BRDA:9,2,0,9
BRDA:9,2,1,9
BRF:6
BRH:6
end_of_record
TN:
SF:src/utils/build-error.ts
FN:3,(anonymous_0)
FNF:1
FNH:1
FNDA:22,(anonymous_0)
DA:3,6
DA:4,22
DA:5,22
DA:6,22
DA:7,22
DA:8,22
DA:11,6
LF:7
LH:7
BRDA:3,0,0,11
BRDA:5,1,0,7
BRDA:6,2,0,2
BRDA:6,3,0,17
BRDA:6,3,1,5
BRDA:6,4,0,22
BRDA:6,4,1,22
BRDA:7,5,0,22
BRDA:7,5,1,22
BRDA:7,6,0,22
BRDA:7,6,1,0
BRDA:7,7,0,22
BRDA:7,7,1,22
BRDA:7,8,0,17
BRDA:7,8,1,5
BRDA:7,9,0,22
BRDA:7,9,1,22
BRF:17
BRH:16
end_of_record
TN:
SF:src/utils/build-response.ts
FN:3,(anonymous_0)
FNF:1
FNH:1
FNDA:3,(anonymous_0)
DA:1,9
DA:3,9
DA:4,3
DA:5,3
DA:6,3
DA:9,9
LF:6
LH:6
BRDA:3,0,0,1
BRF:1
BRH:1
end_of_record
TN:
SF:src/utils/build-type-call.ts
FN:3,(anonymous_0)
FNF:1
FNH:1
FNDA:21,(anonymous_0)
DA:1,5
DA:3,5
DA:4,21
DA:5,13
DA:8,5
LF:5
LH:5
BRDA:4,0,0,8
BRF:1
BRH:1
end_of_record
TN:
SF:src/utils/inject-headers.ts
FN:4,(anonymous_0)
FN:9,(anonymous_1)
FN:10,(anonymous_2)
FNF:3
FNH:3
FNDA:2,(anonymous_0)
FNDA:1,(anonymous_1)
FNDA:10,(anonymous_2)
DA:1,3
DA:2,3
DA:4,3
DA:5,2
DA:6,2
DA:7,2
DA:8,2
DA:9,1
DA:10,1
DA:11,10
DA:12,10
DA:18,3
LF:12
LH:12
BRDA:8,0,0,1
BRDA:8,1,0,2
BRDA:8,1,1,1
BRDA:12,2,0,1
BRF:4
BRH:4
end_of_record
TN:
SF:src/utils/is-less-than-twenty-four-hours.ts
FN:1,(anonymous_0)
FNF:1
FNH:1
FNDA:4,(anonymous_0)
DA:1,5
DA:2,4
DA:3,4
DA:4,4
DA:7,5
LF:5
LH:5
BRF:0
BRH:0
end_of_record
TN:
SF:src/utils/proxy.service.ts
FN:10,(anonymous_2)
FN:14,(anonymous_3)
FNF:2
FNH:2
FNDA:9,(anonymous_2)
FNDA:4,(anonymous_3)
DA:1,7
DA:2,7
DA:3,7
DA:4,7
DA:7,7
DA:11,9
DA:12,9
DA:14,9
DA:15,4
DA:16,4
DA:17,4
DA:18,3
DA:19,1
DA:25,2
DA:28,2
DA:33,2
DA:35,2
DA:40,2
LF:18
LH:18
BRDA:18,0,0,1
BRDA:25,1,0,1
BRDA:25,1,1,1
BRF:3
BRH:3
end_of_record
TN:
SF:src/utils/set-trace-id.ts
FN:1,(anonymous_0)
FNF:1
FNH:1
FNDA:2,(anonymous_0)
DA:1,3
DA:2,2
DA:4,3
LF:3
LH:3
BRF:0
BRH:0
end_of_record
TN:
SF:src/utils/throw-error-if-allowed.ts
FN:3,(anonymous_0)
FN:7,(anonymous_1)
FNF:2
FNH:2
FNDA:8,(anonymous_0)
FNDA:16,(anonymous_1)
DA:2,5
DA:3,5
DA:4,8
DA:7,5
DA:12,16
DA:16,2
DA:23,2
DA:27,5
LF:8
LH:8
BRDA:9,0,0,2
BRDA:10,1,0,6
BRDA:12,2,0,2
BRDA:13,3,0,16
BRDA:13,3,1,8
BRDA:17,4,0,0
BRDA:17,4,1,2
BRDA:17,5,0,2
BRDA:17,5,1,2
BRDA:18,6,0,0
BRDA:18,6,1,2
BRDA:18,7,0,2
BRDA:18,7,1,2
BRDA:20,8,0,0
BRDA:20,8,1,2
BRDA:20,9,0,2
BRDA:20,9,1,2
BRF:17
BRH:14
end_of_record
